Processing file lwb/k_branch_n.01.ksp
Unable
9.69 0.32 10.02 seconds
Processing file lwb/k_branch_n.02.ksp
Unable
0.00 0.00 0.00 seconds
Processing file lwb/k_branch_n.03.ksp
Unable
0.00 0.00 0.00 seconds
Processing file lwb/k_branch_n.04.ksp
Unable
0.00 0.00 0.00 seconds
Processing file lwb/k_branch_n.05.ksp
Unable
0.00 0.00 0.00 seconds
Processing file lwb/k_branch_n.06.ksp
Unable
0.00 0.00 0.00 seconds
Processing file lwb/k_branch_n.07.ksp
Unable
0.00 0.00 0.00 seconds
Processing file lwb/k_branch_n.08.ksp
Unable
0.00 0.00 0.00 seconds
Processing file lwb/k_branch_n.09.ksp
Unable
0.00 0.00 0.00 seconds
Processing file lwb/k_branch_n.10.ksp
Unable
0.00 0.00 0.00 seconds
Processing file lwb/k_branch_n.11.ksp
Unable
0.00 0.00 0.00 seconds
Processing file lwb/k_branch_n.12.ksp
Unable
0.00 0.00 0.00 seconds
Processing file lwb/k_branch_n.13.ksp
Unable
0.00 0.00 0.00 seconds
Processing file lwb/k_branch_n.14.ksp
Unable
0.00 0.00 0.00 seconds
Processing file lwb/k_branch_n.15.ksp
Unable
0.00 0.00 0.00 seconds
Processing file lwb/k_branch_n.16.ksp
Unable
0.00 0.00 0.00 seconds
Processing file lwb/k_branch_n.17.ksp
Unable
0.00 0.00 0.00 seconds
Processing file lwb/k_branch_n.18.ksp
Unable
0.00 0.00 0.00 seconds
Processing file lwb/k_branch_n.19.ksp
Unable
0.00 0.00 0.00 seconds
Processing file lwb/k_branch_n.20.ksp
Unable
0.00 0.00 0.00 seconds
Processing file lwb/k_branch_n.21.ksp
Unable
0.00 0.00 0.00 seconds
Processing file lwb/k_branch_p.01.ksp
Unsatisfiable.
0.00 0.00 0.00 seconds
Processing file lwb/k_branch_p.02.ksp
Unable
9.85 0.16 10.01 seconds
Processing file lwb/k_branch_p.03.ksp
Unable
0.00 0.00 0.00 seconds
Processing file lwb/k_branch_p.04.ksp
Unable
0.00 0.00 0.00 seconds
Processing file lwb/k_branch_p.05.ksp
Unable
0.00 0.00 0.00 seconds
Processing file lwb/k_branch_p.06.ksp
Unable
0.00 0.00 0.00 seconds
Processing file lwb/k_branch_p.07.ksp
Unable
0.00 0.00 0.00 seconds
Processing file lwb/k_branch_p.08.ksp
Unable
0.00 0.00 0.00 seconds
Processing file lwb/k_branch_p.09.ksp
Unable
0.00 0.00 0.00 seconds
Processing file lwb/k_branch_p.10.ksp
Unable
0.00 0.00 0.00 seconds
Processing file lwb/k_branch_p.11.ksp
Unable
0.00 0.00 0.00 seconds
Processing file lwb/k_branch_p.12.ksp
Unable
0.00 0.00 0.00 seconds
Processing file lwb/k_branch_p.13.ksp
Unable
0.00 0.00 0.00 seconds
Processing file lwb/k_branch_p.14.ksp
Unable
0.00 0.00 0.00 seconds
Processing file lwb/k_branch_p.15.ksp
Unable
0.00 0.00 0.00 seconds
Processing file lwb/k_branch_p.16.ksp
Unable
0.00 0.00 0.00 seconds
Processing file lwb/k_branch_p.17.ksp
Unable
0.00 0.00 0.00 seconds
Processing file lwb/k_branch_p.18.ksp
Unable
0.00 0.00 0.00 seconds
Processing file lwb/k_branch_p.19.ksp
Unable
0.00 0.00 0.00 seconds
Processing file lwb/k_branch_p.20.ksp
Unable
0.00 0.00 0.00 seconds
Processing file lwb/k_branch_p.21.ksp
Unable
0.00 0.00 0.00 seconds
Processing file lwb/k_d4_n.01.ksp
Satisfiable.
0.00 0.00 0.01 seconds
Processing file lwb/k_d4_n.02.ksp
Unable
9.72 0.29 10.02 seconds
Processing file lwb/k_d4_n.03.ksp
Unable
0.00 0.00 0.00 seconds
Processing file lwb/k_d4_n.04.ksp
Unable
0.00 0.00 0.00 seconds
Processing file lwb/k_d4_n.05.ksp
Unable
0.00 0.00 0.00 seconds
Processing file lwb/k_d4_n.06.ksp
Unable
0.00 0.00 0.00 seconds
Processing file lwb/k_d4_n.07.ksp
Unable
0.00 0.00 0.00 seconds
Processing file lwb/k_d4_n.08.ksp
Unable
0.00 0.00 0.00 seconds
Processing file lwb/k_d4_n.09.ksp
Unable
0.00 0.00 0.00 seconds
Processing file lwb/k_d4_n.10.ksp
Unable
0.00 0.00 0.00 seconds
Processing file lwb/k_d4_n.11.ksp
Unable
0.00 0.00 0.00 seconds
Processing file lwb/k_d4_n.12.ksp
Unable
0.00 0.00 0.00 seconds
Processing file lwb/k_d4_n.13.ksp
Unable
0.00 0.00 0.00 seconds
Processing file lwb/k_d4_n.14.ksp
Unable
0.00 0.00 0.00 seconds
Processing file lwb/k_d4_n.15.ksp
Unable
0.00 0.00 0.00 seconds
Processing file lwb/k_d4_n.16.ksp
Unable
0.00 0.00 0.00 seconds
Processing file lwb/k_d4_n.17.ksp
Unable
0.00 0.00 0.00 seconds
Processing file lwb/k_d4_n.18.ksp
Unable
0.00 0.00 0.00 seconds
Processing file lwb/k_d4_n.19.ksp
Unable
0.00 0.00 0.00 seconds
Processing file lwb/k_d4_n.20.ksp
Unable
0.00 0.00 0.00 seconds
Processing file lwb/k_d4_n.21.ksp
Unable
0.00 0.00 0.00 seconds
Processing file lwb/k_d4_p.01.ksp
Unsatisfiable.
0.00 0.00 0.00 seconds
Processing file lwb/k_d4_p.02.ksp
Unsatisfiable.
0.00 0.00 0.01 seconds
Processing file lwb/k_d4_p.03.ksp
Unsatisfiable.
0.27 0.00 0.28 seconds
Processing file lwb/k_d4_p.04.ksp
Unsatisfiable.
8.46 0.22 8.69 seconds
Processing file lwb/k_d4_p.05.ksp
Unable
9.76 0.25 10.02 seconds
Processing file lwb/k_d4_p.06.ksp
Unable
0.00 0.00 0.00 seconds
Processing file lwb/k_d4_p.07.ksp
Unable
0.00 0.00 0.00 seconds
Processing file lwb/k_d4_p.08.ksp
Unable
0.00 0.00 0.00 seconds
Processing file lwb/k_d4_p.09.ksp
Unable
0.00 0.00 0.00 seconds
Processing file lwb/k_d4_p.10.ksp
Unable
0.00 0.00 0.00 seconds
Processing file lwb/k_d4_p.11.ksp
Unable
0.00 0.00 0.00 seconds
Processing file lwb/k_d4_p.12.ksp
Unable
0.00 0.00 0.00 seconds
Processing file lwb/k_d4_p.13.ksp
Unable
0.00 0.00 0.00 seconds
Processing file lwb/k_d4_p.14.ksp
Unable
0.00 0.00 0.00 seconds
Processing file lwb/k_d4_p.15.ksp
Unable
0.00 0.00 0.00 seconds
Processing file lwb/k_d4_p.16.ksp
Unable
0.00 0.00 0.00 seconds
Processing file lwb/k_d4_p.17.ksp
Unable
0.00 0.00 0.00 seconds
Processing file lwb/k_d4_p.18.ksp
Unable
0.00 0.00 0.00 seconds
Processing file lwb/k_d4_p.19.ksp
Unable
0.00 0.00 0.00 seconds
Processing file lwb/k_d4_p.20.ksp
Unable
0.00 0.00 0.00 seconds
Processing file lwb/k_d4_p.21.ksp
Unable
0.00 0.00 0.00 seconds
Processing file lwb/k_dum_n.01.ksp
Unable
9.58 0.44 10.03 seconds
Processing file lwb/k_dum_n.02.ksp
Unable
0.00 0.00 0.00 seconds
Processing file lwb/k_dum_n.03.ksp
Unable
0.00 0.00 0.00 seconds
Processing file lwb/k_dum_n.04.ksp
Unable
0.00 0.00 0.00 seconds
Processing file lwb/k_dum_n.05.ksp
Unable
0.00 0.00 0.00 seconds
Processing file lwb/k_dum_n.06.ksp
Unable
0.00 0.00 0.00 seconds
Processing file lwb/k_dum_n.07.ksp
Unable
0.00 0.00 0.00 seconds
Processing file lwb/k_dum_n.08.ksp
Unable
0.00 0.00 0.00 seconds
Processing file lwb/k_dum_n.09.ksp
Unable
0.00 0.00 0.00 seconds
Processing file lwb/k_dum_n.10.ksp
Unable
0.00 0.00 0.00 seconds
Processing file lwb/k_dum_n.11.ksp
Unable
0.00 0.00 0.00 seconds
Processing file lwb/k_dum_n.12.ksp
Unable
0.00 0.00 0.00 seconds
Processing file lwb/k_dum_n.13.ksp
Unable
0.00 0.00 0.00 seconds
Processing file lwb/k_dum_n.14.ksp
Unable
0.00 0.00 0.00 seconds
Processing file lwb/k_dum_n.15.ksp
Unable
0.00 0.00 0.00 seconds
Processing file lwb/k_dum_n.16.ksp
Unable
0.00 0.00 0.00 seconds
Processing file lwb/k_dum_n.17.ksp
Unable
0.00 0.00 0.00 seconds
Processing file lwb/k_dum_n.18.ksp
Unable
0.00 0.00 0.00 seconds
Processing file lwb/k_dum_n.19.ksp
Unable
0.00 0.00 0.00 seconds
Processing file lwb/k_dum_n.20.ksp
Unable
0.00 0.00 0.00 seconds
Processing file lwb/k_dum_n.21.ksp
Unable
0.00 0.00 0.00 seconds
Processing file lwb/k_dum_p.01.ksp
Unable
9.70 0.33 10.03 seconds
Processing file lwb/k_dum_p.02.ksp
Unable
0.00 0.00 0.00 seconds
Processing file lwb/k_dum_p.03.ksp
Unable
0.00 0.00 0.00 seconds
Processing file lwb/k_dum_p.04.ksp
Unable
0.00 0.00 0.00 seconds
Processing file lwb/k_dum_p.05.ksp
Unable
0.00 0.00 0.00 seconds
Processing file lwb/k_dum_p.06.ksp
Unable
0.00 0.00 0.00 seconds
Processing file lwb/k_dum_p.07.ksp
Unable
0.00 0.00 0.00 seconds
Processing file lwb/k_dum_p.08.ksp
Unable
0.00 0.00 0.00 seconds
Processing file lwb/k_dum_p.09.ksp
Unable
0.00 0.00 0.00 seconds
Processing file lwb/k_dum_p.10.ksp
Unable
0.00 0.00 0.00 seconds
Processing file lwb/k_dum_p.11.ksp
Unable
0.00 0.00 0.00 seconds
Processing file lwb/k_dum_p.12.ksp
Unable
0.00 0.00 0.00 seconds
Processing file lwb/k_dum_p.13.ksp
Unable
0.00 0.00 0.00 seconds
Processing file lwb/k_dum_p.14.ksp
Unable
0.00 0.00 0.00 seconds
Processing file lwb/k_dum_p.15.ksp
Unable
0.00 0.00 0.00 seconds
Processing file lwb/k_dum_p.16.ksp
Unable
0.00 0.00 0.00 seconds
Processing file lwb/k_dum_p.17.ksp
Unable
0.00 0.00 0.00 seconds
Processing file lwb/k_dum_p.18.ksp
Unable
0.00 0.00 0.00 seconds
Processing file lwb/k_dum_p.19.ksp
Unable
0.00 0.00 0.00 seconds
Processing file lwb/k_dum_p.20.ksp
Unable
0.00 0.00 0.00 seconds
Processing file lwb/k_dum_p.21.ksp
Unable
0.00 0.00 0.00 seconds
Processing file lwb/k_grz_n.01.ksp
Unable
9.61 0.42 10.04 seconds
Processing file lwb/k_grz_n.02.ksp
Unable
0.00 0.00 0.00 seconds
Processing file lwb/k_grz_n.03.ksp
Unable
0.00 0.00 0.00 seconds
Processing file lwb/k_grz_n.04.ksp
Unable
0.00 0.00 0.00 seconds
Processing file lwb/k_grz_n.05.ksp
Unable
0.00 0.00 0.00 seconds
Processing file lwb/k_grz_n.06.ksp
Unable
0.00 0.00 0.00 seconds
Processing file lwb/k_grz_n.07.ksp
Unable
0.00 0.00 0.00 seconds
Processing file lwb/k_grz_n.08.ksp
Unable
0.00 0.00 0.00 seconds
Processing file lwb/k_grz_n.09.ksp
Unable
0.00 0.00 0.00 seconds
Processing file lwb/k_grz_n.10.ksp
Unable
0.00 0.00 0.00 seconds
Processing file lwb/k_grz_n.11.ksp
Unable
0.00 0.00 0.00 seconds
Processing file lwb/k_grz_n.12.ksp
Unable
0.00 0.00 0.00 seconds
Processing file lwb/k_grz_n.13.ksp
Unable
0.00 0.00 0.00 seconds
Processing file lwb/k_grz_n.14.ksp
Unable
0.00 0.00 0.00 seconds
Processing file lwb/k_grz_n.15.ksp
Unable
0.00 0.00 0.00 seconds
Processing file lwb/k_grz_n.16.ksp
Unable
0.00 0.00 0.00 seconds
Processing file lwb/k_grz_n.17.ksp
Unable
0.00 0.00 0.00 seconds
Processing file lwb/k_grz_n.18.ksp
Unable
0.00 0.00 0.00 seconds
Processing file lwb/k_grz_n.19.ksp
Unable
0.00 0.00 0.00 seconds
Processing file lwb/k_grz_n.20.ksp
Unable
0.00 0.00 0.00 seconds
Processing file lwb/k_grz_n.21.ksp
Unable
0.00 0.00 0.00 seconds
Processing file lwb/k_grz_p.01.ksp
Unable
9.55 0.48 10.04 seconds
Processing file lwb/k_grz_p.02.ksp
Unable
0.00 0.00 0.00 seconds
Processing file lwb/k_grz_p.03.ksp
Unable
0.00 0.00 0.00 seconds
Processing file lwb/k_grz_p.04.ksp
Unable
0.00 0.00 0.00 seconds
Processing file lwb/k_grz_p.05.ksp
Unable
0.00 0.00 0.00 seconds
Processing file lwb/k_grz_p.06.ksp
Unable
0.00 0.00 0.00 seconds
Processing file lwb/k_grz_p.07.ksp
Unable
0.00 0.00 0.00 seconds
Processing file lwb/k_grz_p.08.ksp
Unable
0.00 0.00 0.00 seconds
Processing file lwb/k_grz_p.09.ksp
Unable
0.00 0.00 0.00 seconds
Processing file lwb/k_grz_p.10.ksp
Unable
0.00 0.00 0.00 seconds
Processing file lwb/k_grz_p.11.ksp
Unable
0.00 0.00 0.00 seconds
Processing file lwb/k_grz_p.12.ksp
Unable
0.00 0.00 0.00 seconds
Processing file lwb/k_grz_p.13.ksp
Unable
0.00 0.00 0.00 seconds
Processing file lwb/k_grz_p.14.ksp
Unable
0.00 0.00 0.00 seconds
Processing file lwb/k_grz_p.15.ksp
Unable
0.00 0.00 0.00 seconds
Processing file lwb/k_grz_p.16.ksp
Unable
0.00 0.00 0.00 seconds
Processing file lwb/k_grz_p.17.ksp
Unable
0.00 0.00 0.00 seconds
Processing file lwb/k_grz_p.18.ksp
Unable
0.00 0.00 0.00 seconds
Processing file lwb/k_grz_p.19.ksp
Unable
0.00 0.00 0.00 seconds
Processing file lwb/k_grz_p.20.ksp
Unable
0.00 0.00 0.00 seconds
Processing file lwb/k_grz_p.21.ksp
Unable
0.00 0.00 0.00 seconds
Processing file lwb/k_lin_n.01.ksp
Satisfiable.
0.00 0.00 0.00 seconds
Processing file lwb/k_lin_n.02.ksp
Satisfiable.
0.00 0.00 0.00 seconds
Processing file lwb/k_lin_n.03.ksp
Satisfiable.
0.00 0.00 0.00 seconds
Processing file lwb/k_lin_n.04.ksp
Satisfiable.
0.00 0.00 0.00 seconds
Processing file lwb/k_lin_n.05.ksp
Satisfiable.
0.00 0.00 0.00 seconds
Processing file lwb/k_lin_n.06.ksp
Satisfiable.
0.00 0.00 0.00 seconds
Processing file lwb/k_lin_n.07.ksp
Satisfiable.
0.00 0.00 0.00 seconds
Processing file lwb/k_lin_n.08.ksp
Satisfiable.
0.00 0.00 0.00 seconds
Processing file lwb/k_lin_n.09.ksp
Satisfiable.
0.00 0.00 0.00 seconds
Processing file lwb/k_lin_n.10.ksp
Satisfiable.
0.00 0.00 0.00 seconds
Processing file lwb/k_lin_n.11.ksp
Satisfiable.
0.00 0.00 0.00 seconds
Processing file lwb/k_lin_n.12.ksp
Satisfiable.
0.00 0.00 0.00 seconds
Processing file lwb/k_lin_n.13.ksp
Satisfiable.
0.00 0.00 0.00 seconds
Processing file lwb/k_lin_n.14.ksp
Satisfiable.
0.00 0.00 0.00 seconds
Processing file lwb/k_lin_n.15.ksp
Satisfiable.
0.00 0.00 0.00 seconds
Processing file lwb/k_lin_n.16.ksp
Satisfiable.
0.00 0.00 0.00 seconds
Processing file lwb/k_lin_n.17.ksp
Satisfiable.
0.00 0.00 0.00 seconds
Processing file lwb/k_lin_n.18.ksp
Satisfiable.
0.00 0.00 0.00 seconds
Processing file lwb/k_lin_n.19.ksp
Satisfiable.
0.00 0.00 0.00 seconds
Processing file lwb/k_lin_n.20.ksp
Satisfiable.
0.00 0.00 0.00 seconds
Processing file lwb/k_lin_n.21.ksp
Satisfiable.
0.00 0.00 0.00 seconds
Processing file lwb/k_lin_p.01.ksp
Unsatisfiable.
0.00 0.00 0.00 seconds
Processing file lwb/k_lin_p.02.ksp
Unsatisfiable.
0.00 0.00 0.00 seconds
Processing file lwb/k_lin_p.03.ksp
Unsatisfiable.
0.00 0.00 0.00 seconds
Processing file lwb/k_lin_p.04.ksp
Unsatisfiable.
0.00 0.00 0.00 seconds
Processing file lwb/k_lin_p.05.ksp
Unsatisfiable.
0.00 0.00 0.00 seconds
Processing file lwb/k_lin_p.06.ksp
Unsatisfiable.
0.00 0.00 0.00 seconds
Processing file lwb/k_lin_p.07.ksp
Unsatisfiable.
0.00 0.00 0.00 seconds
Processing file lwb/k_lin_p.08.ksp
Unsatisfiable.
0.00 0.00 0.00 seconds
Processing file lwb/k_lin_p.09.ksp
Unsatisfiable.
0.00 0.00 0.00 seconds
Processing file lwb/k_lin_p.10.ksp
Unsatisfiable.
0.00 0.00 0.00 seconds
Processing file lwb/k_lin_p.11.ksp
Unsatisfiable.
0.00 0.00 0.00 seconds
Processing file lwb/k_lin_p.12.ksp
Unsatisfiable.
0.00 0.00 0.00 seconds
Processing file lwb/k_lin_p.13.ksp
Unsatisfiable.
0.00 0.00 0.00 seconds
Processing file lwb/k_lin_p.14.ksp
Unsatisfiable.
0.00 0.00 0.00 seconds
Processing file lwb/k_lin_p.15.ksp
Unsatisfiable.
0.00 0.00 0.00 seconds
Processing file lwb/k_lin_p.16.ksp
Unsatisfiable.
0.00 0.00 0.00 seconds
Processing file lwb/k_lin_p.17.ksp
Unsatisfiable.
0.00 0.00 0.00 seconds
Processing file lwb/k_lin_p.18.ksp
Unsatisfiable.
0.00 0.00 0.00 seconds
Processing file lwb/k_lin_p.19.ksp
Unsatisfiable.
0.00 0.00 0.00 seconds
Processing file lwb/k_lin_p.20.ksp
Unsatisfiable.
0.00 0.00 0.00 seconds
Processing file lwb/k_lin_p.21.ksp
Unsatisfiable.
0.00 0.00 0.00 seconds
Processing file lwb/k_path_n.01.ksp
Satisfiable.
0.00 0.00 0.00 seconds
Processing file lwb/k_path_n.02.ksp
Satisfiable.
0.00 0.00 0.00 seconds
Processing file lwb/k_path_n.03.ksp
Satisfiable.
0.00 0.00 0.00 seconds
Processing file lwb/k_path_n.04.ksp
Satisfiable.
0.00 0.00 0.00 seconds
Processing file lwb/k_path_n.05.ksp
Satisfiable.
0.00 0.00 0.00 seconds
Processing file lwb/k_path_n.06.ksp
Satisfiable.
0.00 0.00 0.00 seconds
Processing file lwb/k_path_n.07.ksp
Satisfiable.
0.00 0.00 0.00 seconds
Processing file lwb/k_path_n.08.ksp
Satisfiable.
0.00 0.00 0.00 seconds
Processing file lwb/k_path_n.09.ksp
Satisfiable.
0.00 0.00 0.00 seconds
Processing file lwb/k_path_n.10.ksp
Satisfiable.
0.01 0.00 0.01 seconds
Processing file lwb/k_path_n.11.ksp
Satisfiable.
0.00 0.00 0.00 seconds
Processing file lwb/k_path_n.12.ksp
Satisfiable.
0.01 0.00 0.01 seconds
Processing file lwb/k_path_n.13.ksp
Satisfiable.
0.01 0.00 0.01 seconds
Processing file lwb/k_path_n.14.ksp
Satisfiable.
0.01 0.00 0.01 seconds
Processing file lwb/k_path_n.15.ksp
Satisfiable.
0.01 0.00 0.01 seconds
Processing file lwb/k_path_n.16.ksp
Satisfiable.
0.01 0.00 0.02 seconds
Processing file lwb/k_path_n.17.ksp
Satisfiable.
0.02 0.00 0.02 seconds
Processing file lwb/k_path_n.18.ksp
Satisfiable.
0.02 0.00 0.02 seconds
Processing file lwb/k_path_n.19.ksp
Satisfiable.
0.02 0.00 0.02 seconds
Processing file lwb/k_path_n.20.ksp
Satisfiable.
0.03 0.00 0.03 seconds
Processing file lwb/k_path_n.21.ksp
Satisfiable.
0.03 0.00 0.03 seconds
Processing file lwb/k_path_p.01.ksp
Unsatisfiable.
0.00 0.00 0.00 seconds
Processing file lwb/k_path_p.02.ksp
Unsatisfiable.
0.00 0.00 0.00 seconds
Processing file lwb/k_path_p.03.ksp
Unsatisfiable.
0.00 0.00 0.00 seconds
Processing file lwb/k_path_p.04.ksp
Unsatisfiable.
0.00 0.00 0.00 seconds
Processing file lwb/k_path_p.05.ksp
Unsatisfiable.
0.00 0.00 0.00 seconds
Processing file lwb/k_path_p.06.ksp
Unsatisfiable.
0.00 0.00 0.00 seconds
Processing file lwb/k_path_p.07.ksp
Unsatisfiable.
0.00 0.00 0.00 seconds
Processing file lwb/k_path_p.08.ksp
Unsatisfiable.
0.00 0.00 0.00 seconds
Processing file lwb/k_path_p.09.ksp
Unsatisfiable.
0.00 0.00 0.01 seconds
Processing file lwb/k_path_p.10.ksp
Unsatisfiable.
0.00 0.00 0.00 seconds
Processing file lwb/k_path_p.11.ksp
Unsatisfiable.
0.00 0.00 0.01 seconds
Processing file lwb/k_path_p.12.ksp
Unsatisfiable.
0.01 0.00 0.01 seconds
Processing file lwb/k_path_p.13.ksp
Unsatisfiable.
0.01 0.00 0.02 seconds
Processing file lwb/k_path_p.14.ksp
Unsatisfiable.
0.01 0.00 0.01 seconds
Processing file lwb/k_path_p.15.ksp
Unsatisfiable.
0.02 0.00 0.02 seconds
Processing file lwb/k_path_p.16.ksp
Unsatisfiable.
0.02 0.00 0.02 seconds
Processing file lwb/k_path_p.17.ksp
Unsatisfiable.
0.03 0.00 0.03 seconds
Processing file lwb/k_path_p.18.ksp
Unsatisfiable.
0.03 0.00 0.03 seconds
Processing file lwb/k_path_p.19.ksp
Unsatisfiable.
0.03 0.00 0.04 seconds
Processing file lwb/k_path_p.20.ksp
Unsatisfiable.
0.04 0.00 0.04 seconds
Processing file lwb/k_path_p.21.ksp
Unsatisfiable.
0.05 0.00 0.05 seconds
Processing file lwb/k_ph_n.01.ksp
Satisfiable.
0.00 0.00 0.00 seconds
Processing file lwb/k_ph_n.02.ksp
Unable
8.95 1.12 10.08 seconds
Processing file lwb/k_ph_n.03.ksp
Unable
0.00 0.00 0.00 seconds
Processing file lwb/k_ph_n.04.ksp
Unable
0.00 0.00 0.00 seconds
Processing file lwb/k_ph_n.05.ksp
Unable
0.00 0.00 0.00 seconds
Processing file lwb/k_ph_n.06.ksp
Unable
0.00 0.00 0.00 seconds
Processing file lwb/k_ph_n.07.ksp
Unable
0.00 0.00 0.00 seconds
Processing file lwb/k_ph_n.08.ksp
Unable
0.00 0.00 0.00 seconds
Processing file lwb/k_ph_n.09.ksp
Unable
0.00 0.00 0.00 seconds
Processing file lwb/k_ph_n.10.ksp
Unable
0.00 0.00 0.00 seconds
Processing file lwb/k_ph_n.11.ksp
Unable
0.00 0.00 0.00 seconds
Processing file lwb/k_ph_n.12.ksp
Unable
0.00 0.00 0.00 seconds
Processing file lwb/k_ph_n.13.ksp
Unable
0.00 0.00 0.00 seconds
Processing file lwb/k_ph_n.14.ksp
Unable
0.00 0.00 0.00 seconds
Processing file lwb/k_ph_n.15.ksp
Unable
0.00 0.00 0.00 seconds
Processing file lwb/k_ph_n.16.ksp
Unable
0.00 0.00 0.00 seconds
Processing file lwb/k_ph_n.17.ksp
Unable
0.00 0.00 0.00 seconds
Processing file lwb/k_ph_n.18.ksp
Unable
0.00 0.00 0.00 seconds
Processing file lwb/k_ph_n.19.ksp
Unable
0.00 0.00 0.00 seconds
Processing file lwb/k_ph_n.20.ksp
Unable
0.00 0.00 0.00 seconds
Processing file lwb/k_ph_n.21.ksp
Unable
0.00 0.00 0.00 seconds
Processing file lwb/k_ph_p.01.ksp
Unsatisfiable.
0.00 0.00 0.00 seconds
Processing file lwb/k_ph_p.02.ksp
Unsatisfiable.
0.03 0.00 0.04 seconds
Processing file lwb/k_ph_p.03.ksp
Unable
9.92 0.08 10.00 seconds
Processing file lwb/k_ph_p.04.ksp
Unable
0.00 0.00 0.00 seconds
Processing file lwb/k_ph_p.05.ksp
Unable
0.00 0.00 0.00 seconds
Processing file lwb/k_ph_p.06.ksp
Unable
0.00 0.00 0.00 seconds
Processing file lwb/k_ph_p.07.ksp
Unable
0.00 0.00 0.00 seconds
Processing file lwb/k_ph_p.08.ksp
Unable
0.00 0.00 0.00 seconds
Processing file lwb/k_ph_p.09.ksp
Unable
0.00 0.00 0.00 seconds
Processing file lwb/k_ph_p.10.ksp
Unable
0.00 0.00 0.00 seconds
Processing file lwb/k_ph_p.11.ksp
Unable
0.00 0.00 0.00 seconds
Processing file lwb/k_ph_p.12.ksp
Unable
0.00 0.00 0.00 seconds
Processing file lwb/k_ph_p.13.ksp
Unable
0.00 0.00 0.00 seconds
Processing file lwb/k_ph_p.14.ksp
Unable
0.00 0.00 0.00 seconds
Processing file lwb/k_ph_p.15.ksp
Unable
0.00 0.00 0.00 seconds
Processing file lwb/k_ph_p.16.ksp
Unable
0.00 0.00 0.00 seconds
Processing file lwb/k_ph_p.17.ksp
Unable
0.00 0.00 0.00 seconds
Processing file lwb/k_ph_p.18.ksp
Unable
0.00 0.00 0.00 seconds
Processing file lwb/k_ph_p.19.ksp
Unable
0.00 0.00 0.00 seconds
Processing file lwb/k_ph_p.20.ksp
Unable
0.00 0.00 0.00 seconds
Processing file lwb/k_ph_p.21.ksp
Unable
0.00 0.00 0.00 seconds
Processing file lwb/k_poly_n.01.ksp
Unable
9.18 0.89 10.07 seconds
Processing file lwb/k_poly_n.02.ksp
Unable
0.00 0.00 0.00 seconds
Processing file lwb/k_poly_n.03.ksp
Unable
0.00 0.00 0.00 seconds
Processing file lwb/k_poly_n.04.ksp
Unable
0.00 0.00 0.00 seconds
Processing file lwb/k_poly_n.05.ksp
Unable
0.00 0.00 0.00 seconds
Processing file lwb/k_poly_n.06.ksp
Unable
0.00 0.00 0.00 seconds
Processing file lwb/k_poly_n.07.ksp
Unable
0.00 0.00 0.00 seconds
Processing file lwb/k_poly_n.08.ksp
Unable
0.00 0.00 0.00 seconds
Processing file lwb/k_poly_n.09.ksp
Unable
0.00 0.00 0.00 seconds
Processing file lwb/k_poly_n.10.ksp
Unable
0.00 0.00 0.00 seconds
Processing file lwb/k_poly_n.11.ksp
Unable
0.00 0.00 0.00 seconds
Processing file lwb/k_poly_n.12.ksp
Unable
0.00 0.00 0.00 seconds
Processing file lwb/k_poly_n.13.ksp
Unable
0.00 0.00 0.00 seconds
Processing file lwb/k_poly_n.14.ksp
Unable
0.00 0.00 0.00 seconds
Processing file lwb/k_poly_n.15.ksp
Unable
0.00 0.00 0.00 seconds
Processing file lwb/k_poly_n.16.ksp
Unable
0.00 0.00 0.00 seconds
Processing file lwb/k_poly_n.17.ksp
Unable
0.00 0.00 0.00 seconds
Processing file lwb/k_poly_n.18.ksp
Unable
0.00 0.00 0.00 seconds
Processing file lwb/k_poly_n.19.ksp
Unable
0.00 0.00 0.00 seconds
Processing file lwb/k_poly_n.20.ksp
Unable
0.00 0.00 0.00 seconds
Processing file lwb/k_poly_n.21.ksp
Unable
0.00 0.00 0.00 seconds
Processing file lwb/k_poly_p.01.ksp
Unsatisfiable.
0.00 0.00 0.00 seconds
Processing file lwb/k_poly_p.02.ksp
Unsatisfiable.
0.94 0.07 1.01 seconds
Processing file lwb/k_poly_p.03.ksp
Unsatisfiable.
Unable
9.49 0.53 10.02 seconds
Processing file lwb/k_poly_p.04.ksp
Unable
0.00 0.00 0.00 seconds
Processing file lwb/k_poly_p.05.ksp
Unable
0.00 0.00 0.00 seconds
Processing file lwb/k_poly_p.06.ksp
Unable
0.00 0.00 0.00 seconds
Processing file lwb/k_poly_p.07.ksp
Unable
0.00 0.00 0.00 seconds
Processing file lwb/k_poly_p.08.ksp
Unable
0.00 0.00 0.00 seconds
Processing file lwb/k_poly_p.09.ksp
Unable
0.00 0.00 0.00 seconds
Processing file lwb/k_poly_p.10.ksp
Unable
0.00 0.00 0.00 seconds
Processing file lwb/k_poly_p.11.ksp
Unable
0.00 0.00 0.00 seconds
Processing file lwb/k_poly_p.12.ksp
Unable
0.00 0.00 0.00 seconds
Processing file lwb/k_poly_p.13.ksp
Unable
0.00 0.00 0.00 seconds
Processing file lwb/k_poly_p.14.ksp
Unable
0.00 0.00 0.00 seconds
Processing file lwb/k_poly_p.15.ksp
Unable
0.00 0.00 0.00 seconds
Processing file lwb/k_poly_p.16.ksp
Unable
0.00 0.00 0.00 seconds
Processing file lwb/k_poly_p.17.ksp
Unable
0.00 0.00 0.00 seconds
Processing file lwb/k_poly_p.18.ksp
Unable
0.00 0.00 0.00 seconds
Processing file lwb/k_poly_p.19.ksp
Unable
0.00 0.00 0.00 seconds
Processing file lwb/k_poly_p.20.ksp
Unable
0.00 0.00 0.00 seconds
Processing file lwb/k_poly_p.21.ksp
Unable
0.00 0.00 0.00 seconds
Processing file lwb/k_t4p_n.01.ksp
Unable
9.52 0.50 10.03 seconds
Processing file lwb/k_t4p_n.02.ksp
Unable
0.00 0.00 0.00 seconds
Processing file lwb/k_t4p_n.03.ksp
Unable
0.00 0.00 0.00 seconds
Processing file lwb/k_t4p_n.04.ksp
Unable
0.00 0.00 0.00 seconds
Processing file lwb/k_t4p_n.05.ksp
Unable
0.00 0.00 0.00 seconds
Processing file lwb/k_t4p_n.06.ksp
Unable
0.00 0.00 0.00 seconds
Processing file lwb/k_t4p_n.07.ksp
Unable
0.00 0.00 0.00 seconds
Processing file lwb/k_t4p_n.08.ksp
Unable
0.00 0.00 0.00 seconds
Processing file lwb/k_t4p_n.09.ksp
Unable
0.00 0.00 0.00 seconds
Processing file lwb/k_t4p_n.10.ksp
Unable
0.00 0.00 0.00 seconds
Processing file lwb/k_t4p_n.11.ksp
Unable
0.00 0.00 0.00 seconds
Processing file lwb/k_t4p_n.12.ksp
Unable
0.00 0.00 0.00 seconds
Processing file lwb/k_t4p_n.13.ksp
Unable
0.00 0.00 0.00 seconds
Processing file lwb/k_t4p_n.14.ksp
Unable
0.00 0.00 0.00 seconds
Processing file lwb/k_t4p_n.15.ksp
Unable
0.00 0.00 0.00 seconds
Processing file lwb/k_t4p_n.16.ksp
Unable
0.00 0.00 0.00 seconds
Processing file lwb/k_t4p_n.17.ksp
Unable
0.00 0.00 0.00 seconds
Processing file lwb/k_t4p_n.18.ksp
Unable
0.00 0.00 0.00 seconds
Processing file lwb/k_t4p_n.19.ksp
Unable
0.00 0.00 0.00 seconds
Processing file lwb/k_t4p_n.20.ksp
Unable
0.00 0.00 0.00 seconds
Processing file lwb/k_t4p_n.21.ksp
Unable
0.00 0.00 0.00 seconds
Processing file lwb/k_t4p_p.01.ksp
Unsatisfiable.
9.12 0.44 9.57 seconds
Processing file lwb/k_t4p_p.02.ksp
Unable
9.74 0.28 10.02 seconds
Processing file lwb/k_t4p_p.03.ksp
Unable
0.00 0.00 0.00 seconds
Processing file lwb/k_t4p_p.04.ksp
Unable
0.00 0.00 0.00 seconds
Processing file lwb/k_t4p_p.05.ksp
Unable
0.00 0.00 0.00 seconds
Processing file lwb/k_t4p_p.06.ksp
Unable
0.00 0.00 0.00 seconds
Processing file lwb/k_t4p_p.07.ksp
Unable
0.00 0.00 0.00 seconds
Processing file lwb/k_t4p_p.08.ksp
Unable
0.00 0.00 0.00 seconds
Processing file lwb/k_t4p_p.09.ksp
Unable
0.00 0.00 0.00 seconds
Processing file lwb/k_t4p_p.10.ksp
Unable
0.00 0.00 0.00 seconds
Processing file lwb/k_t4p_p.11.ksp
Unable
0.00 0.00 0.00 seconds
Processing file lwb/k_t4p_p.12.ksp
Unable
0.00 0.00 0.00 seconds
Processing file lwb/k_t4p_p.13.ksp
Unable
0.00 0.00 0.00 seconds
Processing file lwb/k_t4p_p.14.ksp
Unable
0.00 0.00 0.00 seconds
Processing file lwb/k_t4p_p.15.ksp
Unable
0.00 0.00 0.00 seconds
Processing file lwb/k_t4p_p.16.ksp
Unable
0.00 0.00 0.00 seconds
Processing file lwb/k_t4p_p.17.ksp
Unable
0.00 0.00 0.00 seconds
Processing file lwb/k_t4p_p.18.ksp
Unable
0.00 0.00 0.00 seconds
Processing file lwb/k_t4p_p.19.ksp
Unable
0.00 0.00 0.00 seconds
Processing file lwb/k_t4p_p.20.ksp
Unable
0.00 0.00 0.00 seconds
Processing file lwb/k_t4p_p.21.ksp
Unable
0.00 0.00 0.00 seconds

