Processing file ../../lwb/k_poly_n.01.ksp
0.00 0.00 0.00 seconds
Satisfiable.
Inferences: 144

Processing file ../../lwb/k_poly_n.02.ksp
0.01 0.00 0.01 seconds
Satisfiable.
Inferences: 600

Processing file ../../lwb/k_poly_n.03.ksp
0.15 0.00 0.16 seconds
Satisfiable.
Inferences: 3240

Processing file ../../lwb/k_poly_n.04.ksp
0.36 0.01 0.38 seconds
Satisfiable.
Inferences: 5808

Processing file ../../lwb/k_poly_n.05.ksp
1.59 0.01 1.60 seconds
Satisfiable.
Inferences: 14400

Processing file ../../lwb/k_poly_n.06.ksp
3.25 0.02 3.28 seconds
Satisfiable.
Inferences: 20808

Processing file ../../lwb/k_poly_n.07.ksp
9.63 0.07 9.71 seconds
Satisfiable.
Inferences: 38808

Processing file ../../lwb/k_poly_n.08.ksp
15.88 0.13 16.03 seconds
Satisfiable.
Inferences: 50784

Processing file ../../lwb/k_poly_n.09.ksp
39.33 0.21 39.55 seconds
Satisfiable.
Inferences: 81648

Processing file ../../lwb/k_poly_n.10.ksp
49.23 0.22 49.47 seconds
Satisfiable.
Inferences: 100920

Processing file ../../lwb/k_poly_n.11.ksp
59.83 0.17 60.01 seconds
Unable
Inferences: -1

Processing file ../../lwb/k_poly_n.12.ksp
59.78 0.22 60.02 seconds
Unable
Inferences: -1

Processing file ../../lwb/k_poly_n.13.ksp
59.76 0.23 60.01 seconds
Unable
Inferences: -1

Processing file ../../lwb/k_poly_n.14.ksp
59.73 0.26 60.01 seconds
Unable
Inferences: -1

Processing file ../../lwb/k_poly_n.15.ksp
59.80 0.20 60.01 seconds
Unable
Inferences: -1

Processing file ../../lwb/k_poly_n.16.ksp
59.82 0.18 60.01 seconds
Unable
Inferences: -1

Processing file ../../lwb/k_poly_n.17.ksp
59.83 0.17 60.01 seconds
Unable
Inferences: -1

Processing file ../../lwb/k_poly_n.18.ksp
59.79 0.21 60.01 seconds
Unable
Inferences: -1

Processing file ../../lwb/k_poly_n.19.ksp
59.79 0.21 60.01 seconds
Unable
Inferences: -1

Processing file ../../lwb/k_poly_n.20.ksp
59.87 0.13 60.01 seconds
Unable
Inferences: -1

Processing file ../../lwb/k_poly_n.21.ksp
59.85 0.15 60.01 seconds
Unable
Inferences: -1

