Processing file lwb/k_branch_n.01.ksp
Command exited with non-zero status 124
9.97 0.02 10.00 seconds
Unable
Processing file lwb/k_branch_n.02.ksp
Command exited with non-zero status 124
0.00 0.00 0.00 seconds
Unable
Processing file lwb/k_branch_n.03.ksp
Command exited with non-zero status 124
0.00 0.00 0.00 seconds
Unable
Processing file lwb/k_branch_n.04.ksp
Command exited with non-zero status 124
0.00 0.00 0.00 seconds
Unable
Processing file lwb/k_branch_n.05.ksp
Command exited with non-zero status 124
0.00 0.00 0.00 seconds
Unable
Processing file lwb/k_branch_n.06.ksp
Command exited with non-zero status 124
0.00 0.00 0.00 seconds
Unable
Processing file lwb/k_branch_n.07.ksp
Command exited with non-zero status 124
0.00 0.00 0.00 seconds
Unable
Processing file lwb/k_branch_n.08.ksp
Command exited with non-zero status 124
0.00 0.00 0.00 seconds
Unable
Processing file lwb/k_branch_n.09.ksp
Command exited with non-zero status 124
0.00 0.00 0.00 seconds
Unable
Processing file lwb/k_branch_n.10.ksp
Command exited with non-zero status 124
0.00 0.00 0.00 seconds
Unable
Processing file lwb/k_branch_n.11.ksp
Command exited with non-zero status 124
0.00 0.00 0.00 seconds
Unable
Processing file lwb/k_branch_n.12.ksp
Command exited with non-zero status 124
0.00 0.00 0.00 seconds
Unable
Processing file lwb/k_branch_n.13.ksp
Command exited with non-zero status 124
0.00 0.00 0.00 seconds
Unable
Processing file lwb/k_branch_n.14.ksp
Command exited with non-zero status 124
0.00 0.00 0.00 seconds
Unable
Processing file lwb/k_branch_n.15.ksp
Command exited with non-zero status 124
0.00 0.00 0.00 seconds
Unable
Processing file lwb/k_branch_n.16.ksp
Command exited with non-zero status 124
0.00 0.00 0.00 seconds
Unable
Processing file lwb/k_branch_n.17.ksp
Command exited with non-zero status 124
0.00 0.00 0.00 seconds
Unable
Processing file lwb/k_branch_n.18.ksp
Command exited with non-zero status 124
0.00 0.00 0.00 seconds
Unable
Processing file lwb/k_branch_n.19.ksp
Command exited with non-zero status 124
0.00 0.00 0.00 seconds
Unable
Processing file lwb/k_branch_n.20.ksp
Command exited with non-zero status 124
0.00 0.00 0.00 seconds
Unable
Processing file lwb/k_branch_n.21.ksp
Command exited with non-zero status 124
0.00 0.00 0.00 seconds
Unable
Processing file lwb/k_branch_p.01.ksp
Unsatisfiable.
Inferences: 3
0.00 0.00 0.00 seconds
Processing file lwb/k_branch_p.02.ksp
Command exited with non-zero status 124
9.98 0.01 10.00 seconds
Unable
Processing file lwb/k_branch_p.03.ksp
Command exited with non-zero status 124
0.00 0.00 0.00 seconds
Unable
Processing file lwb/k_branch_p.04.ksp
Command exited with non-zero status 124
0.00 0.00 0.00 seconds
Unable
Processing file lwb/k_branch_p.05.ksp
Command exited with non-zero status 124
0.00 0.00 0.00 seconds
Unable
Processing file lwb/k_branch_p.06.ksp
Command exited with non-zero status 124
0.00 0.00 0.00 seconds
Unable
Processing file lwb/k_branch_p.07.ksp
Command exited with non-zero status 124
0.00 0.00 0.00 seconds
Unable
Processing file lwb/k_branch_p.08.ksp
Command exited with non-zero status 124
0.00 0.00 0.00 seconds
Unable
Processing file lwb/k_branch_p.09.ksp
Command exited with non-zero status 124
0.00 0.00 0.00 seconds
Unable
Processing file lwb/k_branch_p.10.ksp
Command exited with non-zero status 124
0.00 0.00 0.00 seconds
Unable
Processing file lwb/k_branch_p.11.ksp
Command exited with non-zero status 124
0.00 0.00 0.00 seconds
Unable
Processing file lwb/k_branch_p.12.ksp
Command exited with non-zero status 124
0.00 0.00 0.00 seconds
Unable
Processing file lwb/k_branch_p.13.ksp
Command exited with non-zero status 124
0.00 0.00 0.00 seconds
Unable
Processing file lwb/k_branch_p.14.ksp
Command exited with non-zero status 124
0.00 0.00 0.00 seconds
Unable
Processing file lwb/k_branch_p.15.ksp
Command exited with non-zero status 124
0.00 0.00 0.00 seconds
Unable
Processing file lwb/k_branch_p.16.ksp
Command exited with non-zero status 124
0.00 0.00 0.00 seconds
Unable
Processing file lwb/k_branch_p.17.ksp
Command exited with non-zero status 124
0.00 0.00 0.00 seconds
Unable
Processing file lwb/k_branch_p.18.ksp
Command exited with non-zero status 124
0.00 0.00 0.00 seconds
Unable
Processing file lwb/k_branch_p.19.ksp
Command exited with non-zero status 124
0.00 0.00 0.00 seconds
Unable
Processing file lwb/k_branch_p.20.ksp
Command exited with non-zero status 124
0.00 0.00 0.00 seconds
Unable
Processing file lwb/k_branch_p.21.ksp
Command exited with non-zero status 124
0.00 0.00 0.00 seconds
Unable
Processing file lwb/k_d4_n.01.ksp
Satisfiable.
Inferences: 2
0.00 0.00 0.00 seconds
Processing file lwb/k_d4_n.02.ksp
Command exited with non-zero status 124
9.95 0.05 10.00 seconds
Unable
Processing file lwb/k_d4_n.03.ksp
Command exited with non-zero status 124
0.00 0.00 0.00 seconds
Unable
Processing file lwb/k_d4_n.04.ksp
Command exited with non-zero status 124
0.00 0.00 0.00 seconds
Unable
Processing file lwb/k_d4_n.05.ksp
Command exited with non-zero status 124
0.00 0.00 0.00 seconds
Unable
Processing file lwb/k_d4_n.06.ksp
Command exited with non-zero status 124
0.00 0.00 0.00 seconds
Unable
Processing file lwb/k_d4_n.07.ksp
Command exited with non-zero status 124
0.00 0.00 0.00 seconds
Unable
Processing file lwb/k_d4_n.08.ksp
Command exited with non-zero status 124
0.00 0.00 0.00 seconds
Unable
Processing file lwb/k_d4_n.09.ksp
Command exited with non-zero status 124
0.00 0.00 0.00 seconds
Unable
Processing file lwb/k_d4_n.10.ksp
Command exited with non-zero status 124
0.00 0.00 0.00 seconds
Unable
Processing file lwb/k_d4_n.11.ksp
Command exited with non-zero status 124
0.00 0.00 0.00 seconds
Unable
Processing file lwb/k_d4_n.12.ksp
Command exited with non-zero status 124
0.00 0.00 0.00 seconds
Unable
Processing file lwb/k_d4_n.13.ksp
Command exited with non-zero status 124
0.00 0.00 0.00 seconds
Unable
Processing file lwb/k_d4_n.14.ksp
Command exited with non-zero status 124
0.00 0.00 0.00 seconds
Unable
Processing file lwb/k_d4_n.15.ksp
Command exited with non-zero status 124
0.00 0.00 0.00 seconds
Unable
Processing file lwb/k_d4_n.16.ksp
Command exited with non-zero status 124
0.00 0.00 0.00 seconds
Unable
Processing file lwb/k_d4_n.17.ksp
Command exited with non-zero status 124
0.00 0.00 0.00 seconds
Unable
Processing file lwb/k_d4_n.18.ksp
Command exited with non-zero status 124
0.00 0.00 0.00 seconds
Unable
Processing file lwb/k_d4_n.19.ksp
Command exited with non-zero status 124
0.00 0.00 0.00 seconds
Unable
Processing file lwb/k_d4_n.20.ksp
Command exited with non-zero status 124
0.00 0.00 0.00 seconds
Unable
Processing file lwb/k_d4_n.21.ksp
Command exited with non-zero status 124
0.00 0.00 0.00 seconds
Unable
Processing file lwb/k_d4_p.01.ksp
Unsatisfiable.
Inferences: 32
0.00 0.00 0.00 seconds
Processing file lwb/k_d4_p.02.ksp
Command exited with non-zero status 124
9.97 0.01 10.00 seconds
Unable
Processing file lwb/k_d4_p.03.ksp
Command exited with non-zero status 124
0.00 0.00 0.00 seconds
Unable
Processing file lwb/k_d4_p.04.ksp
Command exited with non-zero status 124
0.00 0.00 0.00 seconds
Unable
Processing file lwb/k_d4_p.05.ksp
Command exited with non-zero status 124
0.00 0.00 0.00 seconds
Unable
Processing file lwb/k_d4_p.06.ksp
Command exited with non-zero status 124
0.00 0.00 0.00 seconds
Unable
Processing file lwb/k_d4_p.07.ksp
Command exited with non-zero status 124
0.00 0.00 0.00 seconds
Unable
Processing file lwb/k_d4_p.08.ksp
Command exited with non-zero status 124
0.00 0.00 0.00 seconds
Unable
Processing file lwb/k_d4_p.09.ksp
Command exited with non-zero status 124
0.00 0.00 0.00 seconds
Unable
Processing file lwb/k_d4_p.10.ksp
Command exited with non-zero status 124
0.00 0.00 0.00 seconds
Unable
Processing file lwb/k_d4_p.11.ksp
Command exited with non-zero status 124
0.00 0.00 0.00 seconds
Unable
Processing file lwb/k_d4_p.12.ksp
Command exited with non-zero status 124
0.00 0.00 0.00 seconds
Unable
Processing file lwb/k_d4_p.13.ksp
Command exited with non-zero status 124
0.00 0.00 0.00 seconds
Unable
Processing file lwb/k_d4_p.14.ksp
Command exited with non-zero status 124
0.00 0.00 0.00 seconds
Unable
Processing file lwb/k_d4_p.15.ksp
Command exited with non-zero status 124
0.00 0.00 0.00 seconds
Unable
Processing file lwb/k_d4_p.16.ksp
Command exited with non-zero status 124
0.00 0.00 0.00 seconds
Unable
Processing file lwb/k_d4_p.17.ksp
Command exited with non-zero status 124
0.00 0.00 0.00 seconds
Unable
Processing file lwb/k_d4_p.18.ksp
Command exited with non-zero status 124
0.00 0.00 0.00 seconds
Unable
Processing file lwb/k_d4_p.19.ksp
Command exited with non-zero status 124
0.00 0.00 0.00 seconds
Unable
Processing file lwb/k_d4_p.20.ksp
Command exited with non-zero status 124
0.00 0.00 0.00 seconds
Unable
Processing file lwb/k_d4_p.21.ksp
Command exited with non-zero status 124
0.00 0.00 0.00 seconds
Unable
Processing file lwb/k_dum_n.01.ksp
Command exited with non-zero status 124
9.96 0.02 10.00 seconds
Unable
Processing file lwb/k_dum_n.02.ksp
Command exited with non-zero status 124
0.00 0.00 0.00 seconds
Unable
Processing file lwb/k_dum_n.03.ksp
Command exited with non-zero status 124
0.00 0.00 0.00 seconds
Unable
Processing file lwb/k_dum_n.04.ksp
Command exited with non-zero status 124
0.00 0.00 0.00 seconds
Unable
Processing file lwb/k_dum_n.05.ksp
Command exited with non-zero status 124
0.00 0.00 0.00 seconds
Unable
Processing file lwb/k_dum_n.06.ksp
Command exited with non-zero status 124
0.00 0.00 0.00 seconds
Unable
Processing file lwb/k_dum_n.07.ksp
Command exited with non-zero status 124
0.00 0.00 0.00 seconds
Unable
Processing file lwb/k_dum_n.08.ksp
Command exited with non-zero status 124
0.00 0.00 0.00 seconds
Unable
Processing file lwb/k_dum_n.09.ksp
Command exited with non-zero status 124
0.00 0.00 0.00 seconds
Unable
Processing file lwb/k_dum_n.10.ksp
Command exited with non-zero status 124
0.00 0.00 0.00 seconds
Unable
Processing file lwb/k_dum_n.11.ksp
Command exited with non-zero status 124
0.00 0.00 0.00 seconds
Unable
Processing file lwb/k_dum_n.12.ksp
Command exited with non-zero status 124
0.00 0.00 0.00 seconds
Unable
Processing file lwb/k_dum_n.13.ksp
Command exited with non-zero status 124
0.00 0.00 0.00 seconds
Unable
Processing file lwb/k_dum_n.14.ksp
Command exited with non-zero status 124
0.00 0.00 0.00 seconds
Unable
Processing file lwb/k_dum_n.15.ksp
Command exited with non-zero status 124
0.00 0.00 0.00 seconds
Unable
Processing file lwb/k_dum_n.16.ksp
Command exited with non-zero status 124
0.00 0.00 0.00 seconds
Unable
Processing file lwb/k_dum_n.17.ksp
Command exited with non-zero status 124
0.00 0.00 0.00 seconds
Unable
Processing file lwb/k_dum_n.18.ksp
Command exited with non-zero status 124
0.00 0.00 0.00 seconds
Unable
Processing file lwb/k_dum_n.19.ksp
Command exited with non-zero status 124
0.00 0.00 0.00 seconds
Unable
Processing file lwb/k_dum_n.20.ksp
Command exited with non-zero status 124
0.00 0.00 0.00 seconds
Unable
Processing file lwb/k_dum_n.21.ksp
Command exited with non-zero status 124
0.00 0.00 0.00 seconds
Unable
Processing file lwb/k_dum_p.01.ksp
Command exited with non-zero status 124
9.95 0.05 10.00 seconds
Unable
Processing file lwb/k_dum_p.02.ksp
Command exited with non-zero status 124
0.00 0.00 0.00 seconds
Unable
Processing file lwb/k_dum_p.03.ksp
Command exited with non-zero status 124
0.00 0.00 0.00 seconds
Unable
Processing file lwb/k_dum_p.04.ksp
Command exited with non-zero status 124
0.00 0.00 0.00 seconds
Unable
Processing file lwb/k_dum_p.05.ksp
Command exited with non-zero status 124
0.00 0.00 0.00 seconds
Unable
Processing file lwb/k_dum_p.06.ksp
Command exited with non-zero status 124
0.00 0.00 0.00 seconds
Unable
Processing file lwb/k_dum_p.07.ksp
Command exited with non-zero status 124
0.00 0.00 0.00 seconds
Unable
Processing file lwb/k_dum_p.08.ksp
Command exited with non-zero status 124
0.00 0.00 0.00 seconds
Unable
Processing file lwb/k_dum_p.09.ksp
Command exited with non-zero status 124
0.00 0.00 0.00 seconds
Unable
Processing file lwb/k_dum_p.10.ksp
Command exited with non-zero status 124
0.00 0.00 0.00 seconds
Unable
Processing file lwb/k_dum_p.11.ksp
Command exited with non-zero status 124
0.00 0.00 0.00 seconds
Unable
Processing file lwb/k_dum_p.12.ksp
Command exited with non-zero status 124
0.00 0.00 0.00 seconds
Unable
Processing file lwb/k_dum_p.13.ksp
Command exited with non-zero status 124
0.00 0.00 0.00 seconds
Unable
Processing file lwb/k_dum_p.14.ksp
Command exited with non-zero status 124
0.00 0.00 0.00 seconds
Unable
Processing file lwb/k_dum_p.15.ksp
Command exited with non-zero status 124
0.00 0.00 0.00 seconds
Unable
Processing file lwb/k_dum_p.16.ksp
Command exited with non-zero status 124
0.00 0.00 0.00 seconds
Unable
Processing file lwb/k_dum_p.17.ksp
Command exited with non-zero status 124
0.00 0.00 0.00 seconds
Unable
Processing file lwb/k_dum_p.18.ksp
Command exited with non-zero status 124
0.00 0.00 0.00 seconds
Unable
Processing file lwb/k_dum_p.19.ksp
Command exited with non-zero status 124
0.00 0.00 0.00 seconds
Unable
Processing file lwb/k_dum_p.20.ksp
Command exited with non-zero status 124
0.00 0.00 0.00 seconds
Unable
Processing file lwb/k_dum_p.21.ksp
Command exited with non-zero status 124
0.00 0.00 0.00 seconds
Unable
Processing file lwb/k_grz_n.01.ksp
Satisfiable.
Inferences: 928
0.01 0.00 0.01 seconds
Processing file lwb/k_grz_n.02.ksp
Command exited with non-zero status 124
9.99 0.00 10.00 seconds
Unable
Processing file lwb/k_grz_n.03.ksp
Command exited with non-zero status 124
0.00 0.00 0.00 seconds
Unable
Processing file lwb/k_grz_n.04.ksp
Command exited with non-zero status 124
0.00 0.00 0.00 seconds
Unable
Processing file lwb/k_grz_n.05.ksp
Command exited with non-zero status 124
0.00 0.00 0.00 seconds
Unable
Processing file lwb/k_grz_n.06.ksp
Command exited with non-zero status 124
0.00 0.00 0.00 seconds
Unable
Processing file lwb/k_grz_n.07.ksp
Command exited with non-zero status 124
0.00 0.00 0.00 seconds
Unable
Processing file lwb/k_grz_n.08.ksp
Command exited with non-zero status 124
0.00 0.00 0.00 seconds
Unable
Processing file lwb/k_grz_n.09.ksp
Command exited with non-zero status 124
0.00 0.00 0.00 seconds
Unable
Processing file lwb/k_grz_n.10.ksp
Command exited with non-zero status 124
0.00 0.00 0.00 seconds
Unable
Processing file lwb/k_grz_n.11.ksp
Command exited with non-zero status 124
0.00 0.00 0.00 seconds
Unable
Processing file lwb/k_grz_n.12.ksp
Command exited with non-zero status 124
0.00 0.00 0.00 seconds
Unable
Processing file lwb/k_grz_n.13.ksp
Command exited with non-zero status 124
0.00 0.00 0.00 seconds
Unable
Processing file lwb/k_grz_n.14.ksp
Command exited with non-zero status 124
0.00 0.00 0.00 seconds
Unable
Processing file lwb/k_grz_n.15.ksp
Command exited with non-zero status 124
0.00 0.00 0.00 seconds
Unable
Processing file lwb/k_grz_n.16.ksp
Command exited with non-zero status 124
0.00 0.00 0.00 seconds
Unable
Processing file lwb/k_grz_n.17.ksp
Command exited with non-zero status 124
0.00 0.00 0.00 seconds
Unable
Processing file lwb/k_grz_n.18.ksp
Command exited with non-zero status 124
0.00 0.00 0.00 seconds
Unable
Processing file lwb/k_grz_n.19.ksp
Command exited with non-zero status 124
0.00 0.00 0.00 seconds
Unable
Processing file lwb/k_grz_n.20.ksp
Command exited with non-zero status 124
0.00 0.00 0.00 seconds
Unable
Processing file lwb/k_grz_n.21.ksp
Command exited with non-zero status 124
0.00 0.00 0.00 seconds
Unable
Processing file lwb/k_grz_p.01.ksp
Unsatisfiable.
Inferences: 934
0.00 0.00 0.01 seconds
Processing file lwb/k_grz_p.02.ksp
Unsatisfiable.
Inferences: 934
0.00 0.00 0.00 seconds
Processing file lwb/k_grz_p.03.ksp
Unsatisfiable.
Inferences: 934
0.00 0.00 0.01 seconds
Processing file lwb/k_grz_p.04.ksp
Unsatisfiable.
Inferences: 934
0.00 0.00 0.00 seconds
Processing file lwb/k_grz_p.05.ksp
Unsatisfiable.
Inferences: 934
0.00 0.00 0.00 seconds
Processing file lwb/k_grz_p.06.ksp
Unsatisfiable.
Inferences: 934
0.00 0.00 0.00 seconds
Processing file lwb/k_grz_p.07.ksp
Unsatisfiable.
Inferences: 934
0.00 0.00 0.00 seconds
Processing file lwb/k_grz_p.08.ksp
Unsatisfiable.
Inferences: 934
0.00 0.00 0.01 seconds
Processing file lwb/k_grz_p.09.ksp
Unsatisfiable.
Inferences: 934
0.00 0.00 0.00 seconds
Processing file lwb/k_grz_p.10.ksp
Unsatisfiable.
Inferences: 934
0.00 0.00 0.00 seconds
Processing file lwb/k_grz_p.11.ksp
Unsatisfiable.
Inferences: 934
0.00 0.00 0.00 seconds
Processing file lwb/k_grz_p.12.ksp
Unsatisfiable.
Inferences: 934
0.00 0.00 0.00 seconds
Processing file lwb/k_grz_p.13.ksp
Unsatisfiable.
Inferences: 934
0.00 0.00 0.00 seconds
Processing file lwb/k_grz_p.14.ksp
Unsatisfiable.
Inferences: 934
0.00 0.00 0.00 seconds
Processing file lwb/k_grz_p.15.ksp
Unsatisfiable.
Inferences: 934
0.00 0.00 0.00 seconds
Processing file lwb/k_grz_p.16.ksp
Unsatisfiable.
Inferences: 934
0.00 0.00 0.00 seconds
Processing file lwb/k_grz_p.17.ksp
Unsatisfiable.
Inferences: 934
0.00 0.00 0.00 seconds
Processing file lwb/k_grz_p.18.ksp
Unsatisfiable.
Inferences: 934
0.00 0.00 0.01 seconds
Processing file lwb/k_grz_p.19.ksp
Unsatisfiable.
Inferences: 934
0.00 0.00 0.01 seconds
Processing file lwb/k_grz_p.20.ksp
Unsatisfiable.
Inferences: 934
0.00 0.00 0.00 seconds
Processing file lwb/k_grz_p.21.ksp
Unsatisfiable.
Inferences: 934
0.01 0.00 0.01 seconds
Processing file lwb/k_lin_n.01.ksp
Satisfiable.
Inferences: 0
0.00 0.00 0.00 seconds
Processing file lwb/k_lin_n.02.ksp
Satisfiable.
Inferences: 0
0.00 0.00 0.00 seconds
Processing file lwb/k_lin_n.03.ksp
Satisfiable.
Inferences: 0
0.00 0.00 0.00 seconds
Processing file lwb/k_lin_n.04.ksp
Satisfiable.
Inferences: 0
0.00 0.00 0.00 seconds
Processing file lwb/k_lin_n.05.ksp
Satisfiable.
Inferences: 0
0.00 0.00 0.00 seconds
Processing file lwb/k_lin_n.06.ksp
Satisfiable.
Inferences: 0
0.00 0.00 0.00 seconds
Processing file lwb/k_lin_n.07.ksp
Satisfiable.
Inferences: 0
0.00 0.00 0.00 seconds
Processing file lwb/k_lin_n.08.ksp
Satisfiable.
Inferences: 0
0.00 0.00 0.00 seconds
Processing file lwb/k_lin_n.09.ksp
Satisfiable.
Inferences: 0
0.00 0.00 0.00 seconds
Processing file lwb/k_lin_n.10.ksp
Satisfiable.
Inferences: 0
0.00 0.00 0.00 seconds
Processing file lwb/k_lin_n.11.ksp
Satisfiable.
Inferences: 0
0.00 0.00 0.00 seconds
Processing file lwb/k_lin_n.12.ksp
Satisfiable.
Inferences: 0
0.00 0.00 0.00 seconds
Processing file lwb/k_lin_n.13.ksp
Satisfiable.
Inferences: 0
0.00 0.00 0.00 seconds
Processing file lwb/k_lin_n.14.ksp
Satisfiable.
Inferences: 0
0.00 0.00 0.00 seconds
Processing file lwb/k_lin_n.15.ksp
Satisfiable.
Inferences: 0
0.00 0.00 0.00 seconds
Processing file lwb/k_lin_n.16.ksp
Satisfiable.
Inferences: 0
0.00 0.00 0.00 seconds
Processing file lwb/k_lin_n.17.ksp
Satisfiable.
Inferences: 0
0.00 0.00 0.00 seconds
Processing file lwb/k_lin_n.18.ksp
Satisfiable.
Inferences: 0
0.00 0.00 0.00 seconds
Processing file lwb/k_lin_n.19.ksp
Satisfiable.
Inferences: 0
0.00 0.00 0.00 seconds
Processing file lwb/k_lin_n.20.ksp
Satisfiable.
Inferences: 0
0.00 0.00 0.00 seconds
Processing file lwb/k_lin_n.21.ksp
Satisfiable.
Inferences: 0
0.00 0.00 0.00 seconds
Processing file lwb/k_lin_p.01.ksp
Unsatisfiable.
Inferences: 1
0.00 0.00 0.00 seconds
Processing file lwb/k_lin_p.02.ksp
Unsatisfiable.
Inferences: 1
0.00 0.00 0.00 seconds
Processing file lwb/k_lin_p.03.ksp
Unsatisfiable.
Inferences: 1
0.00 0.00 0.00 seconds
Processing file lwb/k_lin_p.04.ksp
Unsatisfiable.
Inferences: 1
0.00 0.00 0.00 seconds
Processing file lwb/k_lin_p.05.ksp
Unsatisfiable.
Inferences: 1
0.00 0.00 0.00 seconds
Processing file lwb/k_lin_p.06.ksp
Unsatisfiable.
Inferences: 1
0.00 0.00 0.00 seconds
Processing file lwb/k_lin_p.07.ksp
Unsatisfiable.
Inferences: 1
0.00 0.00 0.00 seconds
Processing file lwb/k_lin_p.08.ksp
Unsatisfiable.
Inferences: 1
0.00 0.00 0.00 seconds
Processing file lwb/k_lin_p.09.ksp
Unsatisfiable.
Inferences: 1
0.00 0.00 0.00 seconds
Processing file lwb/k_lin_p.10.ksp
Unsatisfiable.
Inferences: 1
0.00 0.00 0.00 seconds
Processing file lwb/k_lin_p.11.ksp
Unsatisfiable.
Inferences: 1
0.00 0.00 0.00 seconds
Processing file lwb/k_lin_p.12.ksp
Unsatisfiable.
Inferences: 1
0.00 0.00 0.00 seconds
Processing file lwb/k_lin_p.13.ksp
Unsatisfiable.
Inferences: 1
0.00 0.00 0.00 seconds
Processing file lwb/k_lin_p.14.ksp
Unsatisfiable.
Inferences: 1
0.00 0.00 0.00 seconds
Processing file lwb/k_lin_p.15.ksp
Unsatisfiable.
Inferences: 1
0.00 0.00 0.00 seconds
Processing file lwb/k_lin_p.16.ksp
Unsatisfiable.
Inferences: 1
0.00 0.00 0.00 seconds
Processing file lwb/k_lin_p.17.ksp
Unsatisfiable.
Inferences: 1
0.00 0.00 0.00 seconds
Processing file lwb/k_lin_p.18.ksp
Unsatisfiable.
Inferences: 1
0.00 0.00 0.00 seconds
Processing file lwb/k_lin_p.19.ksp
Unsatisfiable.
Inferences: 1
0.00 0.00 0.00 seconds
Processing file lwb/k_lin_p.20.ksp
Unsatisfiable.
Inferences: 1
0.00 0.00 0.00 seconds
Processing file lwb/k_lin_p.21.ksp
Unsatisfiable.
Inferences: 1
0.00 0.00 0.00 seconds
Processing file lwb/k_path_n.01.ksp
Satisfiable.
Inferences: 0
0.00 0.00 0.00 seconds
Processing file lwb/k_path_n.02.ksp
Satisfiable.
Inferences: 13
0.00 0.00 0.00 seconds
Processing file lwb/k_path_n.03.ksp
Satisfiable.
Inferences: 34
0.00 0.00 0.00 seconds
Processing file lwb/k_path_n.04.ksp
Satisfiable.
Inferences: 35
0.00 0.00 0.00 seconds
Processing file lwb/k_path_n.05.ksp
Satisfiable.
Inferences: 45
0.00 0.00 0.00 seconds
Processing file lwb/k_path_n.06.ksp
Satisfiable.
Inferences: 48
0.00 0.00 0.00 seconds
Processing file lwb/k_path_n.07.ksp
Satisfiable.
Inferences: 63
0.00 0.00 0.00 seconds
Processing file lwb/k_path_n.08.ksp
Satisfiable.
Inferences: 64
0.00 0.00 0.00 seconds
Processing file lwb/k_path_n.09.ksp
Satisfiable.
Inferences: 81
0.00 0.00 0.00 seconds
Processing file lwb/k_path_n.10.ksp
Satisfiable.
Inferences: 0
0.00 0.00 0.00 seconds
Processing file lwb/k_path_n.11.ksp
Satisfiable.
Inferences: 0
0.01 0.00 0.01 seconds
Processing file lwb/k_path_n.12.ksp
Satisfiable.
Inferences: 0
0.01 0.00 0.01 seconds
Processing file lwb/k_path_n.13.ksp
Satisfiable.
Inferences: 0
0.00 0.00 0.01 seconds
Processing file lwb/k_path_n.14.ksp
Satisfiable.
Inferences: 0
0.01 0.00 0.01 seconds
Processing file lwb/k_path_n.15.ksp
Satisfiable.
Inferences: 0
0.01 0.00 0.01 seconds
Processing file lwb/k_path_n.16.ksp
Satisfiable.
Inferences: 0
0.01 0.00 0.02 seconds
Processing file lwb/k_path_n.17.ksp
Satisfiable.
Inferences: 0
0.01 0.00 0.02 seconds
Processing file lwb/k_path_n.18.ksp
Satisfiable.
Inferences: 0
0.02 0.00 0.03 seconds
Processing file lwb/k_path_n.19.ksp
Satisfiable.
Inferences: 0
0.03 0.00 0.03 seconds
Processing file lwb/k_path_n.20.ksp
Satisfiable.
Inferences: 0
0.03 0.00 0.03 seconds
Processing file lwb/k_path_n.21.ksp
Satisfiable.
Inferences: 0
0.03 0.00 0.03 seconds
Processing file lwb/k_path_p.01.ksp
Unsatisfiable.
Inferences: 1
0.00 0.00 0.00 seconds
Processing file lwb/k_path_p.02.ksp
Unsatisfiable.
Inferences: 2
0.00 0.00 0.00 seconds
Processing file lwb/k_path_p.03.ksp
Unsatisfiable.
Inferences: 21
0.00 0.00 0.00 seconds
Processing file lwb/k_path_p.04.ksp
Unsatisfiable.
Inferences: 50
0.00 0.00 0.00 seconds
Processing file lwb/k_path_p.05.ksp
Unsatisfiable.
Inferences: 49
0.00 0.00 0.00 seconds
Processing file lwb/k_path_p.06.ksp
Unsatisfiable.
Inferences: 96
0.00 0.00 0.00 seconds
Processing file lwb/k_path_p.07.ksp
Unsatisfiable.
Inferences: 113
0.00 0.00 0.00 seconds
Processing file lwb/k_path_p.08.ksp
Unsatisfiable.
Inferences: 136
0.00 0.00 0.00 seconds
Processing file lwb/k_path_p.09.ksp
Unsatisfiable.
Inferences: 153
0.00 0.00 0.01 seconds
Processing file lwb/k_path_p.10.ksp
Unsatisfiable.
Inferences: 176
0.00 0.00 0.00 seconds
Processing file lwb/k_path_p.11.ksp
Unsatisfiable.
Inferences: 193
0.01 0.00 0.01 seconds
Processing file lwb/k_path_p.12.ksp
Unsatisfiable.
Inferences: 216
0.01 0.00 0.01 seconds
Processing file lwb/k_path_p.13.ksp
Unsatisfiable.
Inferences: 233
0.01 0.00 0.02 seconds
Processing file lwb/k_path_p.14.ksp
Unsatisfiable.
Inferences: 256
0.01 0.00 0.02 seconds
Processing file lwb/k_path_p.15.ksp
Unsatisfiable.
Inferences: 273
0.02 0.00 0.02 seconds
Processing file lwb/k_path_p.16.ksp
Unsatisfiable.
Inferences: 296
0.02 0.00 0.02 seconds
Processing file lwb/k_path_p.17.ksp
Unsatisfiable.
Inferences: 313
0.02 0.00 0.03 seconds
Processing file lwb/k_path_p.18.ksp
Unsatisfiable.
Inferences: 336
0.03 0.01 0.04 seconds
Processing file lwb/k_path_p.19.ksp
Unsatisfiable.
Inferences: 353
0.04 0.00 0.04 seconds
Processing file lwb/k_path_p.20.ksp
Unsatisfiable.
Inferences: 376
0.03 0.00 0.04 seconds
Processing file lwb/k_path_p.21.ksp
Unsatisfiable.
Inferences: 393
0.06 0.00 0.06 seconds
Processing file lwb/k_ph_n.01.ksp
Satisfiable.
Inferences: 0
0.00 0.00 0.00 seconds
Processing file lwb/k_ph_n.02.ksp
Command exited with non-zero status 124
9.96 0.03 10.00 seconds
Unable
Processing file lwb/k_ph_n.03.ksp
Command exited with non-zero status 124
0.00 0.00 0.00 seconds
Unable
Processing file lwb/k_ph_n.04.ksp
Command exited with non-zero status 124
0.00 0.00 0.00 seconds
Unable
Processing file lwb/k_ph_n.05.ksp
Command exited with non-zero status 124
0.00 0.00 0.00 seconds
Unable
Processing file lwb/k_ph_n.06.ksp
Command exited with non-zero status 124
0.00 0.00 0.00 seconds
Unable
Processing file lwb/k_ph_n.07.ksp
Command exited with non-zero status 124
0.00 0.00 0.00 seconds
Unable
Processing file lwb/k_ph_n.08.ksp
Command exited with non-zero status 124
0.00 0.00 0.00 seconds
Unable
Processing file lwb/k_ph_n.09.ksp
Command exited with non-zero status 124
0.00 0.00 0.00 seconds
Unable
Processing file lwb/k_ph_n.10.ksp
Command exited with non-zero status 124
0.00 0.00 0.00 seconds
Unable
Processing file lwb/k_ph_n.11.ksp
Command exited with non-zero status 124
0.00 0.00 0.00 seconds
Unable
Processing file lwb/k_ph_n.12.ksp
Command exited with non-zero status 124
0.00 0.00 0.00 seconds
Unable
Processing file lwb/k_ph_n.13.ksp
Command exited with non-zero status 124
0.00 0.00 0.00 seconds
Unable
Processing file lwb/k_ph_n.14.ksp
Command exited with non-zero status 124
0.00 0.00 0.00 seconds
Unable
Processing file lwb/k_ph_n.15.ksp
Command exited with non-zero status 124
0.00 0.00 0.00 seconds
Unable
Processing file lwb/k_ph_n.16.ksp
Command exited with non-zero status 124
0.00 0.00 0.00 seconds
Unable
Processing file lwb/k_ph_n.17.ksp
Command exited with non-zero status 124
0.00 0.00 0.00 seconds
Unable
Processing file lwb/k_ph_n.18.ksp
Command exited with non-zero status 124
0.00 0.00 0.00 seconds
Unable
Processing file lwb/k_ph_n.19.ksp
Command exited with non-zero status 124
0.00 0.00 0.00 seconds
Unable
Processing file lwb/k_ph_n.20.ksp
Command exited with non-zero status 124
0.00 0.00 0.00 seconds
Unable
Processing file lwb/k_ph_n.21.ksp
Command exited with non-zero status 124
0.00 0.00 0.00 seconds
Unable
Processing file lwb/k_ph_p.01.ksp
Unsatisfiable.
Inferences: 1
0.00 0.00 0.00 seconds
Processing file lwb/k_ph_p.02.ksp
Command exited with non-zero status 124
9.98 0.01 10.00 seconds
Unable
Processing file lwb/k_ph_p.03.ksp
Command exited with non-zero status 124
0.00 0.00 0.00 seconds
Unable
Processing file lwb/k_ph_p.04.ksp
Command exited with non-zero status 124
0.00 0.00 0.00 seconds
Unable
Processing file lwb/k_ph_p.05.ksp
Command exited with non-zero status 124
0.00 0.00 0.00 seconds
Unable
Processing file lwb/k_ph_p.06.ksp
Command exited with non-zero status 124
0.00 0.00 0.00 seconds
Unable
Processing file lwb/k_ph_p.07.ksp
Command exited with non-zero status 124
0.00 0.00 0.00 seconds
Unable
Processing file lwb/k_ph_p.08.ksp
Command exited with non-zero status 124
0.00 0.00 0.00 seconds
Unable
Processing file lwb/k_ph_p.09.ksp
Command exited with non-zero status 124
0.00 0.00 0.00 seconds
Unable
Processing file lwb/k_ph_p.10.ksp
Command exited with non-zero status 124
0.00 0.00 0.00 seconds
Unable
Processing file lwb/k_ph_p.11.ksp
Command exited with non-zero status 124
0.00 0.00 0.00 seconds
Unable
Processing file lwb/k_ph_p.12.ksp
Command exited with non-zero status 124
0.00 0.00 0.00 seconds
Unable
Processing file lwb/k_ph_p.13.ksp
Command exited with non-zero status 124
0.00 0.00 0.00 seconds
Unable
Processing file lwb/k_ph_p.14.ksp
Command exited with non-zero status 124
0.00 0.00 0.00 seconds
Unable
Processing file lwb/k_ph_p.15.ksp
Command exited with non-zero status 124
0.00 0.00 0.00 seconds
Unable
Processing file lwb/k_ph_p.16.ksp
Command exited with non-zero status 124
0.00 0.00 0.00 seconds
Unable
Processing file lwb/k_ph_p.17.ksp
Command exited with non-zero status 124
0.00 0.00 0.00 seconds
Unable
Processing file lwb/k_ph_p.18.ksp
Command exited with non-zero status 124
0.00 0.00 0.00 seconds
Unable
Processing file lwb/k_ph_p.19.ksp
Command exited with non-zero status 124
0.00 0.00 0.00 seconds
Unable
Processing file lwb/k_ph_p.20.ksp
Command exited with non-zero status 124
0.00 0.00 0.00 seconds
Unable
Processing file lwb/k_ph_p.21.ksp
Command exited with non-zero status 124
0.00 0.00 0.00 seconds
Unable
Processing file lwb/k_poly_n.01.ksp
Command exited with non-zero status 124
9.98 0.02 10.00 seconds
Unable
Processing file lwb/k_poly_n.02.ksp
Command exited with non-zero status 124
0.00 0.00 0.00 seconds
Unable
Processing file lwb/k_poly_n.03.ksp
Command exited with non-zero status 124
0.00 0.00 0.00 seconds
Unable
Processing file lwb/k_poly_n.04.ksp
Command exited with non-zero status 124
0.00 0.00 0.00 seconds
Unable
Processing file lwb/k_poly_n.05.ksp
Command exited with non-zero status 124
0.00 0.00 0.00 seconds
Unable
Processing file lwb/k_poly_n.06.ksp
Command exited with non-zero status 124
0.00 0.00 0.00 seconds
Unable
Processing file lwb/k_poly_n.07.ksp
Command exited with non-zero status 124
0.00 0.00 0.00 seconds
Unable
Processing file lwb/k_poly_n.08.ksp
Command exited with non-zero status 124
0.00 0.00 0.00 seconds
Unable
Processing file lwb/k_poly_n.09.ksp
Command exited with non-zero status 124
0.00 0.00 0.00 seconds
Unable
Processing file lwb/k_poly_n.10.ksp
Command exited with non-zero status 124
0.00 0.00 0.00 seconds
Unable
Processing file lwb/k_poly_n.11.ksp
Command exited with non-zero status 124
0.00 0.00 0.00 seconds
Unable
Processing file lwb/k_poly_n.12.ksp
Command exited with non-zero status 124
0.00 0.00 0.00 seconds
Unable
Processing file lwb/k_poly_n.13.ksp
Command exited with non-zero status 124
0.00 0.00 0.00 seconds
Unable
Processing file lwb/k_poly_n.14.ksp
Command exited with non-zero status 124
0.00 0.00 0.00 seconds
Unable
Processing file lwb/k_poly_n.15.ksp
Command exited with non-zero status 124
0.00 0.00 0.00 seconds
Unable
Processing file lwb/k_poly_n.16.ksp
Command exited with non-zero status 124
0.00 0.00 0.00 seconds
Unable
Processing file lwb/k_poly_n.17.ksp
Command exited with non-zero status 124
0.00 0.00 0.00 seconds
Unable
Processing file lwb/k_poly_n.18.ksp
Command exited with non-zero status 124
0.00 0.00 0.00 seconds
Unable
Processing file lwb/k_poly_n.19.ksp
Command exited with non-zero status 124
0.00 0.00 0.00 seconds
Unable
Processing file lwb/k_poly_n.20.ksp
Command exited with non-zero status 124
0.00 0.00 0.00 seconds
Unable
Processing file lwb/k_poly_n.21.ksp
Command exited with non-zero status 124
0.00 0.00 0.00 seconds
Unable
Processing file lwb/k_poly_p.01.ksp
Unsatisfiable.
Inferences: 46
0.00 0.00 0.00 seconds
Processing file lwb/k_poly_p.02.ksp
Command exited with non-zero status 124
9.99 0.00 10.00 seconds
Unable
Processing file lwb/k_poly_p.03.ksp
Command exited with non-zero status 124
0.00 0.00 0.00 seconds
Unable
Processing file lwb/k_poly_p.04.ksp
Command exited with non-zero status 124
0.00 0.00 0.00 seconds
Unable
Processing file lwb/k_poly_p.05.ksp
Command exited with non-zero status 124
0.00 0.00 0.00 seconds
Unable
Processing file lwb/k_poly_p.06.ksp
Command exited with non-zero status 124
0.00 0.00 0.00 seconds
Unable
Processing file lwb/k_poly_p.07.ksp
Command exited with non-zero status 124
0.00 0.00 0.00 seconds
Unable
Processing file lwb/k_poly_p.08.ksp
Command exited with non-zero status 124
0.00 0.00 0.00 seconds
Unable
Processing file lwb/k_poly_p.09.ksp
Command exited with non-zero status 124
0.00 0.00 0.00 seconds
Unable
Processing file lwb/k_poly_p.10.ksp
Command exited with non-zero status 124
0.00 0.00 0.00 seconds
Unable
Processing file lwb/k_poly_p.11.ksp
Command exited with non-zero status 124
0.00 0.00 0.00 seconds
Unable
Processing file lwb/k_poly_p.12.ksp
Command exited with non-zero status 124
0.00 0.00 0.00 seconds
Unable
Processing file lwb/k_poly_p.13.ksp
Command exited with non-zero status 124
0.00 0.00 0.00 seconds
Unable
Processing file lwb/k_poly_p.14.ksp
Command exited with non-zero status 124
0.00 0.00 0.00 seconds
Unable
Processing file lwb/k_poly_p.15.ksp
Command exited with non-zero status 124
0.00 0.00 0.00 seconds
Unable
Processing file lwb/k_poly_p.16.ksp
Command exited with non-zero status 124
0.00 0.00 0.00 seconds
Unable
Processing file lwb/k_poly_p.17.ksp
Command exited with non-zero status 124
0.00 0.00 0.00 seconds
Unable
Processing file lwb/k_poly_p.18.ksp
Command exited with non-zero status 124
0.00 0.00 0.00 seconds
Unable
Processing file lwb/k_poly_p.19.ksp
Command exited with non-zero status 124
0.00 0.00 0.00 seconds
Unable
Processing file lwb/k_poly_p.20.ksp
Command exited with non-zero status 124
0.00 0.00 0.00 seconds
Unable
Processing file lwb/k_poly_p.21.ksp
Command exited with non-zero status 124
0.00 0.00 0.00 seconds
Unable
Processing file lwb/k_t4p_n.01.ksp
Command exited with non-zero status 124
9.97 0.02 10.00 seconds
Unable
Processing file lwb/k_t4p_n.02.ksp
Command exited with non-zero status 124
0.00 0.00 0.00 seconds
Unable
Processing file lwb/k_t4p_n.03.ksp
Command exited with non-zero status 124
0.00 0.00 0.00 seconds
Unable
Processing file lwb/k_t4p_n.04.ksp
Command exited with non-zero status 124
0.00 0.00 0.00 seconds
Unable
Processing file lwb/k_t4p_n.05.ksp
Command exited with non-zero status 124
0.00 0.00 0.00 seconds
Unable
Processing file lwb/k_t4p_n.06.ksp
Command exited with non-zero status 124
0.00 0.00 0.00 seconds
Unable
Processing file lwb/k_t4p_n.07.ksp
Command exited with non-zero status 124
0.00 0.00 0.00 seconds
Unable
Processing file lwb/k_t4p_n.08.ksp
Command exited with non-zero status 124
0.00 0.00 0.00 seconds
Unable
Processing file lwb/k_t4p_n.09.ksp
Command exited with non-zero status 124
0.00 0.00 0.00 seconds
Unable
Processing file lwb/k_t4p_n.10.ksp
Command exited with non-zero status 124
0.00 0.00 0.00 seconds
Unable
Processing file lwb/k_t4p_n.11.ksp
Command exited with non-zero status 124
0.00 0.00 0.00 seconds
Unable
Processing file lwb/k_t4p_n.12.ksp
Command exited with non-zero status 124
0.00 0.00 0.00 seconds
Unable
Processing file lwb/k_t4p_n.13.ksp
Command exited with non-zero status 124
0.00 0.00 0.00 seconds
Unable
Processing file lwb/k_t4p_n.14.ksp
Command exited with non-zero status 124
0.00 0.00 0.00 seconds
Unable
Processing file lwb/k_t4p_n.15.ksp
Command exited with non-zero status 124
0.00 0.00 0.00 seconds
Unable
Processing file lwb/k_t4p_n.16.ksp
Command exited with non-zero status 124
0.00 0.00 0.00 seconds
Unable
Processing file lwb/k_t4p_n.17.ksp
Command exited with non-zero status 124
0.00 0.00 0.00 seconds
Unable
Processing file lwb/k_t4p_n.18.ksp
Command exited with non-zero status 124
0.00 0.00 0.00 seconds
Unable
Processing file lwb/k_t4p_n.19.ksp
Command exited with non-zero status 124
0.00 0.00 0.00 seconds
Unable
Processing file lwb/k_t4p_n.20.ksp
Command exited with non-zero status 124
0.00 0.00 0.00 seconds
Unable
Processing file lwb/k_t4p_n.21.ksp
Command exited with non-zero status 124
0.00 0.00 0.00 seconds
Unable
Processing file lwb/k_t4p_p.01.ksp
Command exited with non-zero status 124
9.96 0.03 10.00 seconds
Unable
Processing file lwb/k_t4p_p.02.ksp
Command exited with non-zero status 124
0.00 0.00 0.00 seconds
Unable
Processing file lwb/k_t4p_p.03.ksp
Command exited with non-zero status 124
0.00 0.00 0.00 seconds
Unable
Processing file lwb/k_t4p_p.04.ksp
Command exited with non-zero status 124
0.00 0.00 0.00 seconds
Unable
Processing file lwb/k_t4p_p.05.ksp
Command exited with non-zero status 124
0.00 0.00 0.00 seconds
Unable
Processing file lwb/k_t4p_p.06.ksp
Command exited with non-zero status 124
0.00 0.00 0.00 seconds
Unable
Processing file lwb/k_t4p_p.07.ksp
Command exited with non-zero status 124
0.00 0.00 0.00 seconds
Unable
Processing file lwb/k_t4p_p.08.ksp
Command exited with non-zero status 124
0.00 0.00 0.00 seconds
Unable
Processing file lwb/k_t4p_p.09.ksp
Command exited with non-zero status 124
0.00 0.00 0.00 seconds
Unable
Processing file lwb/k_t4p_p.10.ksp
Command exited with non-zero status 124
0.00 0.00 0.00 seconds
Unable
Processing file lwb/k_t4p_p.11.ksp
Command exited with non-zero status 124
0.00 0.00 0.00 seconds
Unable
Processing file lwb/k_t4p_p.12.ksp
Command exited with non-zero status 124
0.00 0.00 0.00 seconds
Unable
Processing file lwb/k_t4p_p.13.ksp
Command exited with non-zero status 124
0.00 0.00 0.00 seconds
Unable
Processing file lwb/k_t4p_p.14.ksp
Command exited with non-zero status 124
0.00 0.00 0.00 seconds
Unable
Processing file lwb/k_t4p_p.15.ksp
Command exited with non-zero status 124
0.00 0.00 0.00 seconds
Unable
Processing file lwb/k_t4p_p.16.ksp
Command exited with non-zero status 124
0.00 0.00 0.00 seconds
Unable
Processing file lwb/k_t4p_p.17.ksp
Command exited with non-zero status 124
0.00 0.00 0.00 seconds
Unable
Processing file lwb/k_t4p_p.18.ksp
Command exited with non-zero status 124
0.00 0.00 0.00 seconds
Unable
Processing file lwb/k_t4p_p.19.ksp
Command exited with non-zero status 124
0.00 0.00 0.00 seconds
Unable
Processing file lwb/k_t4p_p.20.ksp
Command exited with non-zero status 124
0.00 0.00 0.00 seconds
Unable
Processing file lwb/k_t4p_p.21.ksp
Command exited with non-zero status 124
0.00 0.00 0.00 seconds
Unable
