Processing file ../../lwb/k_branch_n.01.ksp
0.00 0.00 0.02 seconds
Satisfiable.
Inferences: 537

Processing file ../../lwb/k_branch_n.02.ksp
9.27 0.04 9.32 seconds
Satisfiable.
Inferences: 76319

Processing file ../../lwb/k_branch_n.03.ksp
59.77 0.22 60.02 seconds
Unable
Inferences: -1

Processing file ../../lwb/k_branch_n.04.ksp
59.67 0.31 60.02 seconds
Unable
Inferences: -1

Processing file ../../lwb/k_branch_n.05.ksp
59.72 0.27 60.02 seconds
Unable
Inferences: -1

Processing file ../../lwb/k_branch_n.06.ksp
59.63 0.38 60.02 seconds
Unable
Inferences: -1

Processing file ../../lwb/k_branch_n.07.ksp
59.61 0.37 60.02 seconds
Unable
Inferences: -1

Processing file ../../lwb/k_branch_n.08.ksp
59.62 0.35 60.02 seconds
Unable
Inferences: -1

Processing file ../../lwb/k_branch_n.09.ksp
59.69 0.29 60.02 seconds
Unable
Inferences: -1

Processing file ../../lwb/k_branch_n.10.ksp
59.69 0.32 60.02 seconds
Unable
Inferences: -1

Processing file ../../lwb/k_branch_n.11.ksp
59.67 0.30 60.02 seconds
Unable
Inferences: -1

Processing file ../../lwb/k_branch_n.12.ksp
59.73 0.25 60.02 seconds
Unable
Inferences: -1

Processing file ../../lwb/k_branch_n.13.ksp
59.74 0.24 60.02 seconds
Unable
Inferences: -1

Processing file ../../lwb/k_branch_n.14.ksp
59.74 0.25 60.01 seconds
Unable
Inferences: -1

Processing file ../../lwb/k_branch_n.15.ksp
59.71 0.28 60.02 seconds
Unable
Inferences: -1

Processing file ../../lwb/k_branch_n.16.ksp
59.71 0.27 60.02 seconds
Unable
Inferences: -1

Processing file ../../lwb/k_branch_n.17.ksp
59.62 0.39 60.02 seconds
Unable
Inferences: -1

Processing file ../../lwb/k_branch_n.18.ksp
59.65 0.35 60.02 seconds
Unable
Inferences: -1

Processing file ../../lwb/k_branch_n.19.ksp
59.66 0.30 60.02 seconds
Unable
Inferences: -1

Processing file ../../lwb/k_branch_n.20.ksp
59.78 0.22 60.02 seconds
Unable
Inferences: -1

Processing file ../../lwb/k_branch_n.21.ksp
59.77 0.23 60.01 seconds
Unable
Inferences: -1

