Processing file ../../lwb/k_branch_p.01.ksp
0.00 0.00 0.01 seconds
Unsatisfiable.
Inferences: 3

Processing file ../../lwb/k_branch_p.02.ksp
0.68 0.00 0.70 seconds
Unsatisfiable.
Inferences: 9547

Processing file ../../lwb/k_branch_p.03.ksp
13.21 0.11 13.34 seconds
Unsatisfiable.
Inferences: 63490

Processing file ../../lwb/k_branch_p.04.ksp
59.74 0.24 60.02 seconds
Unable
Inferences: -1

Processing file ../../lwb/k_branch_p.05.ksp
59.62 0.36 60.02 seconds
Unable
Inferences: -1

Processing file ../../lwb/k_branch_p.06.ksp
59.62 0.37 60.02 seconds
Unable
Inferences: -1

Processing file ../../lwb/k_branch_p.07.ksp
59.64 0.37 60.02 seconds
Unable
Inferences: -1

Processing file ../../lwb/k_branch_p.08.ksp
59.65 0.31 60.02 seconds
Unable
Inferences: -1

Processing file ../../lwb/k_branch_p.09.ksp
59.62 0.34 60.02 seconds
Unable
Inferences: -1

Processing file ../../lwb/k_branch_p.10.ksp
59.69 0.32 60.02 seconds
Unable
Inferences: -1

Processing file ../../lwb/k_branch_p.11.ksp
59.70 0.31 60.02 seconds
Unable
Inferences: -1

Processing file ../../lwb/k_branch_p.12.ksp
59.68 0.29 60.02 seconds
Unable
Inferences: -1

Processing file ../../lwb/k_branch_p.13.ksp
59.72 0.25 60.01 seconds
Unable
Inferences: -1

Processing file ../../lwb/k_branch_p.14.ksp
59.72 0.24 60.01 seconds
Unable
Inferences: -1

Processing file ../../lwb/k_branch_p.15.ksp
59.66 0.32 60.02 seconds
Unable
Inferences: -1

Processing file ../../lwb/k_branch_p.16.ksp
59.71 0.29 60.02 seconds
Unable
Inferences: -1

Processing file ../../lwb/k_branch_p.17.ksp
59.71 0.29 60.02 seconds
Unable
Inferences: -1

Processing file ../../lwb/k_branch_p.18.ksp
59.61 0.36 60.02 seconds
Unable
Inferences: -1

Processing file ../../lwb/k_branch_p.19.ksp
59.71 0.27 60.02 seconds
Unable
Inferences: -1

Processing file ../../lwb/k_branch_p.20.ksp
59.68 0.29 60.01 seconds
Unable
Inferences: -1

Processing file ../../lwb/k_branch_p.21.ksp
59.73 0.23 60.02 seconds
Unable
Inferences: -1

