Processing file ../../lwb/k_ph_p.01.ksp
0.00 0.00 0.02 seconds
Unsatisfiable.
Inferences: 1

Processing file ../../lwb/k_ph_p.02.ksp
0.00 0.00 0.00 seconds
Unsatisfiable.
Inferences: 75

Processing file ../../lwb/k_ph_p.03.ksp
0.08 0.00 0.09 seconds
Unsatisfiable.
Inferences: 2871

Processing file ../../lwb/k_ph_p.04.ksp
59.87 0.11 60.00 seconds
Unable
Inferences: -1

Processing file ../../lwb/k_ph_p.05.ksp
59.84 0.15 60.01 seconds
Unable
Inferences: -1

Processing file ../../lwb/k_ph_p.06.ksp
59.82 0.15 60.01 seconds
Unable
Inferences: -1

Processing file ../../lwb/k_ph_p.07.ksp
59.82 0.14 60.01 seconds
Unable
Inferences: -1

Processing file ../../lwb/k_ph_p.08.ksp
59.78 0.19 60.01 seconds
Unable
Inferences: -1

Processing file ../../lwb/k_ph_p.09.ksp
59.85 0.11 60.00 seconds
Unable
Inferences: -1

Processing file ../../lwb/k_ph_p.10.ksp
59.87 0.10 60.00 seconds
Unable
Inferences: -1

Processing file ../../lwb/k_ph_p.11.ksp
59.82 0.14 60.01 seconds
Unable
Inferences: -1

Processing file ../../lwb/k_ph_p.12.ksp
59.86 0.09 60.00 seconds
Unable
Inferences: -1

Processing file ../../lwb/k_ph_p.13.ksp
59.89 0.09 60.00 seconds
Unable
Inferences: -1

Processing file ../../lwb/k_ph_p.14.ksp
59.88 0.08 60.00 seconds
Unable
Inferences: -1

Processing file ../../lwb/k_ph_p.15.ksp
59.85 0.12 60.00 seconds
Unable
Inferences: -1

Processing file ../../lwb/k_ph_p.16.ksp
59.94 0.05 60.00 seconds
Unable
Inferences: -1

Processing file ../../lwb/k_ph_p.17.ksp
59.95 0.04 60.00 seconds
Unable
Inferences: -1

Processing file ../../lwb/k_ph_p.18.ksp
59.88 0.07 60.00 seconds
Unable
Inferences: -1

Processing file ../../lwb/k_ph_p.19.ksp
59.90 0.05 60.00 seconds
Unable
Inferences: -1

Processing file ../../lwb/k_ph_p.20.ksp
59.98 0.01 60.00 seconds
Unable
Inferences: -1

Processing file ../../lwb/k_ph_p.21.ksp
59.95 0.02 60.00 seconds
Unable
Inferences: -1

