Processing file ../../lwb/k_poly_p.01.ksp
0.00 0.00 0.02 seconds
Unsatisfiable.
Inferences: 35

Processing file ../../lwb/k_poly_p.02.ksp
0.01 0.00 0.02 seconds
Unsatisfiable.
Inferences: 783

Processing file ../../lwb/k_poly_p.03.ksp
0.06 0.00 0.07 seconds
Unsatisfiable.
Inferences: 1877

Processing file ../../lwb/k_poly_p.04.ksp
0.38 0.01 0.40 seconds
Unsatisfiable.
Inferences: 6511

Processing file ../../lwb/k_poly_p.05.ksp
0.95 0.02 1.00 seconds
Unsatisfiable.
Inferences: 10397

Processing file ../../lwb/k_poly_p.06.ksp
3.32 0.05 3.38 seconds
Unsatisfiable.
Inferences: 22297

Processing file ../../lwb/k_poly_p.07.ksp
6.23 0.07 6.31 seconds
Unsatisfiable.
Inferences: 30695

Processing file ../../lwb/k_poly_p.08.ksp
17.15 0.14 17.30 seconds
Unsatisfiable.
Inferences: 53347

Processing file ../../lwb/k_poly_p.09.ksp
21.95 0.12 22.10 seconds
Unsatisfiable.
Inferences: 67985

Processing file ../../lwb/k_poly_p.10.ksp
55.73 0.25 56.03 seconds
Unsatisfiable.
Inferences: 104845

Processing file ../../lwb/k_poly_p.11.ksp
59.75 0.23 60.02 seconds
Unable
Inferences: -1

Processing file ../../lwb/k_poly_p.12.ksp
59.74 0.23 60.01 seconds
Unable
Inferences: -1

Processing file ../../lwb/k_poly_p.13.ksp
59.76 0.22 60.02 seconds
Unable
Inferences: -1

Processing file ../../lwb/k_poly_p.14.ksp
59.75 0.22 60.01 seconds
Unable
Inferences: -1

Processing file ../../lwb/k_poly_p.15.ksp
59.84 0.16 60.01 seconds
Unable
Inferences: -1

Processing file ../../lwb/k_poly_p.16.ksp
59.75 0.22 60.01 seconds
Unable
Inferences: -1

Processing file ../../lwb/k_poly_p.17.ksp
59.80 0.17 60.01 seconds
Unable
Inferences: -1

Processing file ../../lwb/k_poly_p.18.ksp
59.83 0.14 60.01 seconds
Unable
Inferences: -1

Processing file ../../lwb/k_poly_p.19.ksp
59.81 0.16 60.01 seconds
Unable
Inferences: -1

Processing file ../../lwb/k_poly_p.20.ksp
59.81 0.17 60.01 seconds
Unable
Inferences: -1

Processing file ../../lwb/k_poly_p.21.ksp
59.78 0.19 60.01 seconds
Unable
Inferences: -1

