Processing file lwb/k_grz_n.01.ksp
0.00 0.00 0.00 seconds
Satisfiable.
Inferences: 793

Processing file lwb/k_grz_n.02.ksp
0.01 0.00 0.01 seconds
Satisfiable.
Inferences: 1165

Processing file lwb/k_grz_n.03.ksp
0.04 0.00 0.04 seconds
Satisfiable.
Inferences: 3831

Processing file lwb/k_grz_n.04.ksp
0.12 0.00 0.12 seconds
Satisfiable.
Inferences: 7102

Processing file lwb/k_grz_n.05.ksp
0.09 0.02 0.12 seconds
Satisfiable.
Inferences: 7102

Processing file lwb/k_grz_n.06.ksp
0.12 0.00 0.12 seconds
Satisfiable.
Inferences: 7102

Processing file lwb/k_grz_n.07.ksp
0.12 0.00 0.12 seconds
Satisfiable.
Inferences: 7102

Processing file lwb/k_grz_n.08.ksp
0.12 0.00 0.12 seconds
Satisfiable.
Inferences: 7102

Processing file lwb/k_grz_n.09.ksp
0.11 0.00 0.12 seconds
Satisfiable.
Inferences: 7102

Processing file lwb/k_grz_n.10.ksp
0.36 0.00 0.36 seconds
Satisfiable.
Inferences: 15288

Processing file lwb/k_grz_n.11.ksp
0.35 0.00 0.36 seconds
Satisfiable.
Inferences: 15288

Processing file lwb/k_grz_n.12.ksp
0.35 0.01 0.36 seconds
Satisfiable.
Inferences: 15288

Processing file lwb/k_grz_n.13.ksp
0.36 0.00 0.36 seconds
Satisfiable.
Inferences: 15288

Processing file lwb/k_grz_n.14.ksp
9.92 0.08 10.01 seconds
Unable
Inferences: -1

Processing file lwb/k_grz_n.15.ksp
9.92 0.08 10.01 seconds
Unable
Inferences: -1

Processing file lwb/k_grz_n.16.ksp
9.89 0.11 10.01 seconds
Unable
Inferences: -1

Processing file lwb/k_grz_n.17.ksp
9.88 0.10 10.01 seconds
Unable
Inferences: -1

Processing file lwb/k_grz_n.18.ksp
9.88 0.12 10.01 seconds
Unable
Inferences: -1

Processing file lwb/k_grz_n.19.ksp
9.91 0.09 10.01 seconds
Unable
Inferences: -1

Processing file lwb/k_grz_n.20.ksp
9.88 0.12 10.01 seconds
Unable
Inferences: -1

Processing file lwb/k_grz_n.21.ksp
9.92 0.07 10.01 seconds
Unable
Inferences: -1

