Processing file lwb/k_poly_n.01.ksp
0.00 0.00 0.00 seconds
Satisfiable.
Inferences: 180

Processing file lwb/k_poly_n.02.ksp
0.00 0.00 0.00 seconds
Satisfiable.
Inferences: 1196

Processing file lwb/k_poly_n.03.ksp
0.21 0.01 0.22 seconds
Satisfiable.
Inferences: 15466

Processing file lwb/k_poly_n.04.ksp
0.73 0.02 0.76 seconds
Satisfiable.
Inferences: 39265

Processing file lwb/k_poly_n.05.ksp
5.40 0.14 5.54 seconds
Satisfiable.
Inferences: 174860

Processing file lwb/k_poly_n.06.ksp
9.82 0.18 10.01 seconds
Unable
Inferences: -1

Processing file lwb/k_poly_n.07.ksp
9.92 0.08 10.00 seconds
Unable
Inferences: -1

Processing file lwb/k_poly_n.08.ksp
9.92 0.07 10.00 seconds
Unable
Inferences: -1

Processing file lwb/k_poly_n.09.ksp
9.95 0.05 10.00 seconds
Unable
Inferences: -1

Processing file lwb/k_poly_n.10.ksp
9.95 0.05 10.00 seconds
Unable
Inferences: -1

Processing file lwb/k_poly_n.11.ksp
9.95 0.05 10.00 seconds
Unable
Inferences: -1

Processing file lwb/k_poly_n.12.ksp
9.94 0.05 10.00 seconds
Unable
Inferences: -1

Processing file lwb/k_poly_n.13.ksp
9.92 0.07 10.00 seconds
Unable
Inferences: -1

Processing file lwb/k_poly_n.14.ksp
9.95 0.05 10.00 seconds
Unable
Inferences: -1

Processing file lwb/k_poly_n.15.ksp
9.93 0.07 10.00 seconds
Unable
Inferences: -1

Processing file lwb/k_poly_n.16.ksp
9.95 0.05 10.00 seconds
Unable
Inferences: -1

Processing file lwb/k_poly_n.17.ksp
9.97 0.03 10.00 seconds
Unable
Inferences: -1

Processing file lwb/k_poly_n.18.ksp
9.94 0.06 10.00 seconds
Unable
Inferences: -1

Processing file lwb/k_poly_n.19.ksp
9.92 0.08 10.00 seconds
Unable
Inferences: -1

Processing file lwb/k_poly_n.20.ksp
9.95 0.05 10.00 seconds
Unable
Inferences: -1

Processing file lwb/k_poly_n.21.ksp
9.95 0.05 10.00 seconds
Unable
Inferences: -1

