Processing file lwb/k_poly_p.01.ksp
0.00 0.00 0.00 seconds
Unsatisfiable.
Inferences: 54

Processing file lwb/k_poly_p.02.ksp
0.01 0.00 0.01 seconds
Unsatisfiable.
Inferences: 1048

Processing file lwb/k_poly_p.03.ksp
0.04 0.00 0.04 seconds
Unsatisfiable.
Inferences: 2896

Processing file lwb/k_poly_p.04.ksp
0.40 0.01 0.42 seconds
Unsatisfiable.
Inferences: 13552

Processing file lwb/k_poly_p.05.ksp
1.05 0.01 1.07 seconds
Unsatisfiable.
Inferences: 25095

Processing file lwb/k_poly_p.06.ksp
5.18 0.04 5.23 seconds
Unsatisfiable.
Inferences: 68221

Processing file lwb/k_poly_p.07.ksp
9.95 0.04 10.00 seconds
Unable
Inferences: -1

Processing file lwb/k_poly_p.08.ksp
9.91 0.09 10.00 seconds
Unable
Inferences: -1

Processing file lwb/k_poly_p.09.ksp
9.91 0.09 10.00 seconds
Unable
Inferences: -1

Processing file lwb/k_poly_p.10.ksp
9.92 0.08 10.00 seconds
Unable
Inferences: -1

Processing file lwb/k_poly_p.11.ksp
9.93 0.06 10.00 seconds
Unable
Inferences: -1

Processing file lwb/k_poly_p.12.ksp
9.95 0.05 10.00 seconds
Unable
Inferences: -1

Processing file lwb/k_poly_p.13.ksp
9.90 0.10 10.00 seconds
Unable
Inferences: -1

Processing file lwb/k_poly_p.14.ksp
9.94 0.06 10.00 seconds
Unable
Inferences: -1

Processing file lwb/k_poly_p.15.ksp
9.93 0.06 10.00 seconds
Unable
Inferences: -1

Processing file lwb/k_poly_p.16.ksp
9.94 0.06 10.00 seconds
Unable
Inferences: -1

Processing file lwb/k_poly_p.17.ksp
9.93 0.06 10.00 seconds
Unable
Inferences: -1

Processing file lwb/k_poly_p.18.ksp
9.94 0.05 10.00 seconds
Unable
Inferences: -1

Processing file lwb/k_poly_p.19.ksp
9.93 0.06 10.00 seconds
Unable
Inferences: -1

Processing file lwb/k_poly_p.20.ksp
9.93 0.07 10.00 seconds
Unable
Inferences: -1

Processing file lwb/k_poly_p.21.ksp
9.92 0.08 10.00 seconds
Unable
Inferences: -1

