Processing file lwb/k_branch_n.01.ksp
0.00 0.00 0.00 seconds
Satisfiable.
Inferences: 941

Processing file lwb/k_branch_n.02.ksp
9.93 0.06 10.00 seconds
Unable
Inferences: -1

Processing file lwb/k_branch_n.03.ksp
9.80 0.19 10.00 seconds
Unable
Inferences: -1

Processing file lwb/k_branch_n.04.ksp
9.90 0.10 10.00 seconds
Unable
Inferences: -1

Processing file lwb/k_branch_n.05.ksp
9.85 0.15 10.01 seconds
Unable
Inferences: -1

Processing file lwb/k_branch_n.06.ksp
9.84 0.16 10.01 seconds
Unable
Inferences: -1

Processing file lwb/k_branch_n.07.ksp
9.89 0.11 10.01 seconds
Unable
Inferences: -1

Processing file lwb/k_branch_n.08.ksp
9.90 0.10 10.01 seconds
Unable
Inferences: -1

Processing file lwb/k_branch_n.09.ksp
9.80 0.19 10.01 seconds
Unable
Inferences: -1

Processing file lwb/k_branch_n.10.ksp
9.79 0.20 10.01 seconds
Unable
Inferences: -1

Processing file lwb/k_branch_n.11.ksp
9.80 0.19 10.01 seconds
Unable
Inferences: -1

Processing file lwb/k_branch_n.12.ksp
9.78 0.14 10.01 seconds
Unable
Inferences: -1

Processing file lwb/k_branch_n.13.ksp
9.82 0.18 10.01 seconds
Unable
Inferences: -1

Processing file lwb/k_branch_n.14.ksp
9.84 0.16 10.02 seconds
Unable
Inferences: -1

Processing file lwb/k_branch_n.15.ksp
9.77 0.22 10.01 seconds
Unable
Inferences: -1

Processing file lwb/k_branch_n.16.ksp
9.80 0.17 10.01 seconds
Unable
Inferences: -1

Processing file lwb/k_branch_n.17.ksp
9.82 0.16 10.01 seconds
Unable
Inferences: -1

Processing file lwb/k_branch_n.18.ksp
9.69 0.20 10.01 seconds
Unable
Inferences: -1

Processing file lwb/k_branch_n.19.ksp
9.82 0.17 10.02 seconds
Unable
Inferences: -1

Processing file lwb/k_branch_n.20.ksp
9.57 0.40 10.01 seconds
Unable
Inferences: -1

Processing file lwb/k_branch_n.21.ksp
9.82 0.17 10.01 seconds
Unable
Inferences: -1

