Processing file lwb/k_d4_n.01.ksp
0.00 0.00 0.01 seconds
Satisfiable.
Inferences: 2

Processing file lwb/k_d4_n.02.ksp
0.04 0.00 0.04 seconds
Satisfiable.
Inferences: 1466

Processing file lwb/k_d4_n.03.ksp
0.42 0.01 0.44 seconds
Satisfiable.
Inferences: 9448

Processing file lwb/k_d4_n.04.ksp
1.67 0.04 1.72 seconds
Satisfiable.
Inferences: 25456

Processing file lwb/k_d4_n.05.ksp
3.68 0.09 3.78 seconds
Satisfiable.
Inferences: 46162

Processing file lwb/k_d4_n.06.ksp
6.96 0.11 7.09 seconds
Satisfiable.
Inferences: 73091

Processing file lwb/k_d4_n.07.ksp
9.74 0.26 10.01 seconds
Unable
Inferences: -1

Processing file lwb/k_d4_n.08.ksp
9.80 0.19 10.01 seconds
Unable
Inferences: -1

Processing file lwb/k_d4_n.09.ksp
9.76 0.17 10.01 seconds
Unable
Inferences: -1

Processing file lwb/k_d4_n.10.ksp
9.77 0.21 10.02 seconds
Unable
Inferences: -1

Processing file lwb/k_d4_n.11.ksp
9.73 0.22 10.01 seconds
Unable
Inferences: -1

Processing file lwb/k_d4_n.12.ksp
9.75 0.24 10.01 seconds
Unable
Inferences: -1

Processing file lwb/k_d4_n.13.ksp
9.62 0.38 10.02 seconds
Unable
Inferences: -1

Processing file lwb/k_d4_n.14.ksp
9.73 0.21 10.02 seconds
Unable
Inferences: -1

Processing file lwb/k_d4_n.15.ksp
9.78 0.22 10.02 seconds
Unable
Inferences: -1

Processing file lwb/k_d4_n.16.ksp
9.74 0.27 10.02 seconds
Unable
Inferences: -1

Processing file lwb/k_d4_n.17.ksp
9.54 0.46 10.02 seconds
Unable
Inferences: -1

Processing file lwb/k_d4_n.18.ksp
9.81 0.20 10.02 seconds
Unable
Inferences: -1

Processing file lwb/k_d4_n.19.ksp
9.67 0.29 10.02 seconds
Unable
Inferences: -1

Processing file lwb/k_d4_n.20.ksp
9.70 0.23 10.02 seconds
Unable
Inferences: -1

Processing file lwb/k_d4_n.21.ksp
9.72 0.27 10.02 seconds
Unable
Inferences: -1

