Processing file lwb/k_grz_n.01.ksp
0.05 0.00 0.06 seconds
Satisfiable.
Inferences: 2768

Processing file lwb/k_grz_n.02.ksp
0.04 0.00 0.05 seconds
Satisfiable.
Inferences: 2347

Processing file lwb/k_grz_n.03.ksp
0.12 0.00 0.13 seconds
Satisfiable.
Inferences: 3818

Processing file lwb/k_grz_n.04.ksp
0.32 0.01 0.33 seconds
Satisfiable.
Inferences: 6849

Processing file lwb/k_grz_n.05.ksp
0.35 0.00 0.35 seconds
Satisfiable.
Inferences: 6849

Processing file lwb/k_grz_n.06.ksp
0.34 0.00 0.35 seconds
Satisfiable.
Inferences: 6849

Processing file lwb/k_grz_n.07.ksp
0.33 0.03 0.37 seconds
Satisfiable.
Inferences: 6849

Processing file lwb/k_grz_n.08.ksp
0.33 0.00 0.33 seconds
Satisfiable.
Inferences: 6849

Processing file lwb/k_grz_n.09.ksp
0.33 0.00 0.34 seconds
Satisfiable.
Inferences: 6849

Processing file lwb/k_grz_n.10.ksp
1.16 0.02 1.19 seconds
Satisfiable.
Inferences: 14097

Processing file lwb/k_grz_n.11.ksp
1.17 0.01 1.18 seconds
Satisfiable.
Inferences: 14097

Processing file lwb/k_grz_n.12.ksp
1.19 0.01 1.21 seconds
Satisfiable.
Inferences: 14097

Processing file lwb/k_grz_n.13.ksp
1.14 0.01 1.17 seconds
Satisfiable.
Inferences: 14097

Processing file lwb/k_grz_n.14.ksp
9.82 0.18 10.00 seconds
Unable
Inferences: -1

Processing file lwb/k_grz_n.15.ksp
9.87 0.11 10.01 seconds
Unable
Inferences: -1

Processing file lwb/k_grz_n.16.ksp
9.87 0.09 10.00 seconds
Unable
Inferences: -1

Processing file lwb/k_grz_n.17.ksp
9.79 0.20 10.01 seconds
Unable
Inferences: -1

Processing file lwb/k_grz_n.18.ksp
9.72 0.18 10.01 seconds
Unable
Inferences: -1

Processing file lwb/k_grz_n.19.ksp
9.87 0.13 10.01 seconds
Unable
Inferences: -1

Processing file lwb/k_grz_n.20.ksp
9.88 0.12 10.01 seconds
Unable
Inferences: -1

Processing file lwb/k_grz_n.21.ksp
9.77 0.21 10.01 seconds
Unable
Inferences: -1

