Processing file lwb/k_ph_n.01.ksp
0.00 0.00 0.00 seconds
Satisfiable.
Inferences: 0

Processing file lwb/k_ph_n.02.ksp
0.00 0.00 0.01 seconds
Satisfiable.
Inferences: 80

Processing file lwb/k_ph_n.03.ksp
9.74 0.16 10.01 seconds
Unable
Inferences: -1

Processing file lwb/k_ph_n.04.ksp
9.73 0.27 10.01 seconds
Unable
Inferences: -1

Processing file lwb/k_ph_n.05.ksp
9.82 0.16 10.01 seconds
Unable
Inferences: -1

Processing file lwb/k_ph_n.06.ksp
9.77 0.21 10.01 seconds
Unable
Inferences: -1

Processing file lwb/k_ph_n.07.ksp
9.86 0.13 10.01 seconds
Unable
Inferences: -1

Processing file lwb/k_ph_n.08.ksp
9.84 0.16 10.01 seconds
Unable
Inferences: -1

Processing file lwb/k_ph_n.09.ksp
9.68 0.30 10.01 seconds
Unable
Inferences: -1

Processing file lwb/k_ph_n.10.ksp
9.79 0.20 10.02 seconds
Unable
Inferences: -1

Processing file lwb/k_ph_n.11.ksp
9.85 0.16 10.02 seconds
Unable
Inferences: -1

Processing file lwb/k_ph_n.12.ksp
9.70 0.31 10.02 seconds
Unable
Inferences: -1

Processing file lwb/k_ph_n.13.ksp
9.73 0.27 10.01 seconds
Unable
Inferences: -1

Processing file lwb/k_ph_n.14.ksp
9.89 0.10 10.01 seconds
Unable
Inferences: -1

Processing file lwb/k_ph_n.15.ksp
9.95 0.04 10.00 seconds
Unable
Inferences: -1

Processing file lwb/k_ph_n.16.ksp
9.98 0.01 10.00 seconds
Unable
Inferences: -1

Processing file lwb/k_ph_n.17.ksp
9.88 0.11 10.00 seconds
Unable
Inferences: -1

Processing file lwb/k_ph_n.18.ksp
9.91 0.08 10.00 seconds
Unable
Inferences: -1

Processing file lwb/k_ph_n.19.ksp
9.99 0.00 10.00 seconds
Unable
Inferences: -1

Processing file lwb/k_ph_n.20.ksp
9.99 0.00 10.00 seconds
Unable
Inferences: -1

Processing file lwb/k_ph_n.21.ksp
9.99 0.00 10.00 seconds
Unable
Inferences: -1

