Processing file lwb/k_poly_n.01.ksp
0.00 0.00 0.00 seconds
Satisfiable.
Inferences: 144

Processing file lwb/k_poly_n.02.ksp
0.00 0.00 0.00 seconds
Satisfiable.
Inferences: 600

Processing file lwb/k_poly_n.03.ksp
0.04 0.00 0.05 seconds
Satisfiable.
Inferences: 3240

Processing file lwb/k_poly_n.04.ksp
0.12 0.00 0.13 seconds
Satisfiable.
Inferences: 5808

Processing file lwb/k_poly_n.05.ksp
0.54 0.01 0.55 seconds
Satisfiable.
Inferences: 14400

Processing file lwb/k_poly_n.06.ksp
0.99 0.02 1.02 seconds
Satisfiable.
Inferences: 20808

Processing file lwb/k_poly_n.07.ksp
2.96 0.04 3.00 seconds
Satisfiable.
Inferences: 38808

Processing file lwb/k_poly_n.08.ksp
4.77 0.04 4.81 seconds
Satisfiable.
Inferences: 50784

Processing file lwb/k_poly_n.09.ksp
9.85 0.15 10.01 seconds
Unable
Inferences: -1

Processing file lwb/k_poly_n.10.ksp
9.84 0.16 10.01 seconds
Unable
Inferences: -1

Processing file lwb/k_poly_n.11.ksp
9.88 0.12 10.01 seconds
Unable
Inferences: -1

Processing file lwb/k_poly_n.12.ksp
9.88 0.12 10.01 seconds
Unable
Inferences: -1

Processing file lwb/k_poly_n.13.ksp
9.89 0.11 10.01 seconds
Unable
Inferences: -1

Processing file lwb/k_poly_n.14.ksp
9.86 0.14 10.01 seconds
Unable
Inferences: -1

Processing file lwb/k_poly_n.15.ksp
9.87 0.13 10.01 seconds
Unable
Inferences: -1

Processing file lwb/k_poly_n.16.ksp
9.90 0.10 10.01 seconds
Unable
Inferences: -1

Processing file lwb/k_poly_n.17.ksp
9.87 0.13 10.01 seconds
Unable
Inferences: -1

Processing file lwb/k_poly_n.18.ksp
9.92 0.08 10.01 seconds
Unable
Inferences: -1

Processing file lwb/k_poly_n.19.ksp
9.92 0.08 10.01 seconds
Unable
Inferences: -1

Processing file lwb/k_poly_n.20.ksp
9.92 0.08 10.01 seconds
Unable
Inferences: -1

Processing file lwb/k_poly_n.21.ksp
9.96 0.04 10.01 seconds
Unable
Inferences: -1

