Processing file lwb/k_poly_p.01.ksp
0.00 0.00 0.00 seconds
Unsatisfiable.
Inferences: 79

Processing file lwb/k_poly_p.02.ksp
0.01 0.00 0.01 seconds
Unsatisfiable.
Inferences: 1288

Processing file lwb/k_poly_p.03.ksp
0.03 0.00 0.03 seconds
Unsatisfiable.
Inferences: 2970

Processing file lwb/k_poly_p.04.ksp
0.21 0.00 0.22 seconds
Unsatisfiable.
Inferences: 9802

Processing file lwb/k_poly_p.05.ksp
0.50 0.00 0.50 seconds
Unsatisfiable.
Inferences: 15480

Processing file lwb/k_poly_p.06.ksp
1.79 0.02 1.81 seconds
Unsatisfiable.
Inferences: 32680

Processing file lwb/k_poly_p.07.ksp
3.02 0.01 3.04 seconds
Unsatisfiable.
Inferences: 44730

Processing file lwb/k_poly_p.08.ksp
8.65 0.06 8.72 seconds
Unsatisfiable.
Inferences: 77050

Processing file lwb/k_poly_p.09.ksp
9.91 0.09 10.00 seconds
Unable
Inferences: -1

Processing file lwb/k_poly_p.10.ksp
9.92 0.08 10.00 seconds
Unable
Inferences: -1

Processing file lwb/k_poly_p.11.ksp
9.91 0.09 10.01 seconds
Unable
Inferences: -1

Processing file lwb/k_poly_p.12.ksp
9.92 0.07 10.01 seconds
Unable
Inferences: -1

Processing file lwb/k_poly_p.13.ksp
9.94 0.05 10.00 seconds
Unable
Inferences: -1

Processing file lwb/k_poly_p.14.ksp
9.93 0.07 10.00 seconds
Unable
Inferences: -1

Processing file lwb/k_poly_p.15.ksp
9.93 0.07 10.00 seconds
Unable
Inferences: -1

Processing file lwb/k_poly_p.16.ksp
9.94 0.06 10.00 seconds
Unable
Inferences: -1

Processing file lwb/k_poly_p.17.ksp
9.93 0.07 10.00 seconds
Unable
Inferences: -1

Processing file lwb/k_poly_p.18.ksp
9.93 0.06 10.00 seconds
Unable
Inferences: -1

Processing file lwb/k_poly_p.19.ksp
9.95 0.05 10.00 seconds
Unable
Inferences: -1

Processing file lwb/k_poly_p.20.ksp
9.93 0.07 10.00 seconds
Unable
Inferences: -1

Processing file lwb/k_poly_p.21.ksp
9.95 0.05 10.00 seconds
Unable
Inferences: -1

