Processing file ../../lwb/k_ph_n.01.ksp
0.00 0.00 0.00 seconds
Satisfiable.
Inferences: 0

Processing file ../../lwb/k_ph_n.02.ksp
0.00 0.00 0.00 seconds
Satisfiable.
Inferences: 80

Processing file ../../lwb/k_ph_n.03.ksp
33.18 0.35 33.54 seconds
Satisfiable.
Inferences: 220545

Processing file ../../lwb/k_ph_n.04.ksp
59.72 0.29 60.02 seconds
Unable
Inferences: -1

Processing file ../../lwb/k_ph_n.05.ksp
59.69 0.32 60.02 seconds
Unable
Inferences: -1

Processing file ../../lwb/k_ph_n.06.ksp
59.66 0.33 60.02 seconds
Unable
Inferences: -1

Processing file ../../lwb/k_ph_n.07.ksp
59.77 0.23 60.01 seconds
Unable
Inferences: -1

Processing file ../../lwb/k_ph_n.08.ksp
59.74 0.25 60.01 seconds
Unable
Inferences: -1

Processing file ../../lwb/k_ph_n.09.ksp
59.62 0.36 60.02 seconds
Unable
Inferences: -1

Processing file ../../lwb/k_ph_n.10.ksp
59.66 0.34 60.02 seconds
Unable
Inferences: -1

Processing file ../../lwb/k_ph_n.11.ksp
59.58 0.43 60.03 seconds
Unable
Inferences: -1

Processing file ../../lwb/k_ph_n.12.ksp
59.54 0.47 60.03 seconds
Unable
Inferences: -1

Processing file ../../lwb/k_ph_n.13.ksp
59.60 0.41 60.03 seconds
Unable
Inferences: -1

Processing file ../../lwb/k_ph_n.14.ksp
59.57 0.44 60.03 seconds
Unable
Inferences: -1

Processing file ../../lwb/k_ph_n.15.ksp
59.58 0.42 60.02 seconds
Unable
Inferences: -1

Processing file ../../lwb/k_ph_n.16.ksp
59.69 0.30 60.01 seconds
Unable
Inferences: -1

Processing file ../../lwb/k_ph_n.17.ksp
59.74 0.25 60.01 seconds
Unable
Inferences: -1

Processing file ../../lwb/k_ph_n.18.ksp
59.85 0.13 60.01 seconds
Unable
Inferences: -1

Processing file ../../lwb/k_ph_n.19.ksp
59.86 0.11 60.01 seconds
Unable
Inferences: -1

Processing file ../../lwb/k_ph_n.20.ksp
59.89 0.10 60.01 seconds
Unable
Inferences: -1

Processing file ../../lwb/k_ph_n.21.ksp
59.96 0.02 60.00 seconds
Unable
Inferences: -1

