Processing file ../../lwb/k_poly_n.01.ksp
0.00 0.00 0.00 seconds
Satisfiable.
Inferences: 144

Processing file ../../lwb/k_poly_n.02.ksp
0.01 0.00 0.01 seconds
Satisfiable.
Inferences: 600

Processing file ../../lwb/k_poly_n.03.ksp
0.16 0.00 0.17 seconds
Satisfiable.
Inferences: 3240

Processing file ../../lwb/k_poly_n.04.ksp
0.38 0.02 0.41 seconds
Satisfiable.
Inferences: 5808

Processing file ../../lwb/k_poly_n.05.ksp
1.58 0.02 1.60 seconds
Satisfiable.
Inferences: 14400

Processing file ../../lwb/k_poly_n.06.ksp
3.27 0.07 3.36 seconds
Satisfiable.
Inferences: 20808

Processing file ../../lwb/k_poly_n.07.ksp
9.68 0.10 9.80 seconds
Satisfiable.
Inferences: 38808

Processing file ../../lwb/k_poly_n.08.ksp
15.62 0.16 15.79 seconds
Satisfiable.
Inferences: 50784

Processing file ../../lwb/k_poly_n.09.ksp
30.20 0.24 30.46 seconds
Satisfiable.
Inferences: 81648

Processing file ../../lwb/k_poly_n.10.ksp
48.39 0.33 48.73 seconds
Satisfiable.
Inferences: 100920

Processing file ../../lwb/k_poly_n.11.ksp
59.52 0.51 60.04 seconds
Unable
Inferences: -1

Processing file ../../lwb/k_poly_n.12.ksp
59.46 0.57 60.03 seconds
Unable
Inferences: -1

Processing file ../../lwb/k_poly_n.13.ksp
59.59 0.44 60.04 seconds
Unable
Inferences: -1

Processing file ../../lwb/k_poly_n.14.ksp
59.60 0.42 60.04 seconds
Unable
Inferences: -1

Processing file ../../lwb/k_poly_n.15.ksp
59.56 0.46 60.04 seconds
Unable
Inferences: -1

Processing file ../../lwb/k_poly_n.16.ksp
59.55 0.47 60.03 seconds
Unable
Inferences: -1

Processing file ../../lwb/k_poly_n.17.ksp
59.66 0.36 60.03 seconds
Unable
Inferences: -1

Processing file ../../lwb/k_poly_n.18.ksp
59.61 0.40 60.03 seconds
Unable
Inferences: -1

Processing file ../../lwb/k_poly_n.19.ksp
59.66 0.35 60.03 seconds
Unable
Inferences: -1

Processing file ../../lwb/k_poly_n.20.ksp
59.64 0.37 60.03 seconds
Unable
Inferences: -1

Processing file ../../lwb/k_poly_n.21.ksp
59.61 0.40 60.03 seconds
Unable
Inferences: -1

