Processing file lwb/k_branch_p.01.ksp
0.00 0.00 0.01 seconds
Unsatisfiable.
Inferences: 30

Processing file lwb/k_branch_p.02.ksp
3.03 0.03 3.07 seconds
Unsatisfiable.
Inferences: 47743

Processing file lwb/k_branch_p.03.ksp
9.89 0.08 10.00 seconds
Unable
Inferences: -1

Processing file lwb/k_branch_p.04.ksp
9.91 0.06 10.00 seconds
Unable
Inferences: -1

Processing file lwb/k_branch_p.05.ksp
9.89 0.08 10.01 seconds
Unable
Inferences: -1

Processing file lwb/k_branch_p.06.ksp
9.86 0.14 10.01 seconds
Unable
Inferences: -1

Processing file lwb/k_branch_p.07.ksp
9.85 0.14 10.01 seconds
Unable
Inferences: -1

Processing file lwb/k_branch_p.08.ksp
9.83 0.12 10.01 seconds
Unable
Inferences: -1

Processing file lwb/k_branch_p.09.ksp
9.84 0.14 10.01 seconds
Unable
Inferences: -1

Processing file lwb/k_branch_p.10.ksp
9.78 0.17 10.01 seconds
Unable
Inferences: -1

Processing file lwb/k_branch_p.11.ksp
9.86 0.09 10.01 seconds
Unable
Inferences: -1

Processing file lwb/k_branch_p.12.ksp
9.83 0.16 10.01 seconds
Unable
Inferences: -1

Processing file lwb/k_branch_p.13.ksp
9.83 0.16 10.01 seconds
Unable
Inferences: -1

Processing file lwb/k_branch_p.14.ksp
9.86 0.13 10.01 seconds
Unable
Inferences: -1

Processing file lwb/k_branch_p.15.ksp
9.86 0.11 10.01 seconds
Unable
Inferences: -1

Processing file lwb/k_branch_p.16.ksp
9.85 0.12 10.01 seconds
Unable
Inferences: -1

Processing file lwb/k_branch_p.17.ksp
9.88 0.10 10.01 seconds
Unable
Inferences: -1

Processing file lwb/k_branch_p.18.ksp
9.89 0.11 10.01 seconds
Unable
Inferences: -1

Processing file lwb/k_branch_p.19.ksp
9.87 0.12 10.01 seconds
Unable
Inferences: -1

Processing file lwb/k_branch_p.20.ksp
9.88 0.10 10.01 seconds
Unable
Inferences: -1

Processing file lwb/k_branch_p.21.ksp
9.87 0.12 10.01 seconds
Unable
Inferences: -1

