Processing file lwb/k_d4_n.01.ksp
0.00 0.00 0.01 seconds
Satisfiable.
Inferences: 2

Processing file lwb/k_d4_n.02.ksp
0.01 0.00 0.01 seconds
Satisfiable.
Inferences: 1466

Processing file lwb/k_d4_n.03.ksp
0.18 0.00 0.18 seconds
Satisfiable.
Inferences: 9448

Processing file lwb/k_d4_n.04.ksp
0.67 0.00 0.68 seconds
Satisfiable.
Inferences: 25456

Processing file lwb/k_d4_n.05.ksp
1.48 0.03 1.54 seconds
Satisfiable.
Inferences: 46162

Processing file lwb/k_d4_n.06.ksp
2.83 0.05 2.90 seconds
Satisfiable.
Inferences: 73091

Processing file lwb/k_d4_n.07.ksp
6.15 0.07 6.23 seconds
Satisfiable.
Inferences: 113728

Processing file lwb/k_d4_n.08.ksp
9.86 0.14 10.01 seconds
Unable
Inferences: -1

Processing file lwb/k_d4_n.09.ksp
9.80 0.17 10.01 seconds
Unable
Inferences: -1

Processing file lwb/k_d4_n.10.ksp
9.82 0.16 10.01 seconds
Unable
Inferences: -1

Processing file lwb/k_d4_n.11.ksp
9.85 0.12 10.01 seconds
Unable
Inferences: -1

Processing file lwb/k_d4_n.12.ksp
9.86 0.12 10.01 seconds
Unable
Inferences: -1

Processing file lwb/k_d4_n.13.ksp
9.85 0.13 10.01 seconds
Unable
Inferences: -1

Processing file lwb/k_d4_n.14.ksp
9.82 0.17 10.01 seconds
Unable
Inferences: -1

Processing file lwb/k_d4_n.15.ksp
9.85 0.13 10.01 seconds
Unable
Inferences: -1

Processing file lwb/k_d4_n.16.ksp
9.82 0.17 10.01 seconds
Unable
Inferences: -1

Processing file lwb/k_d4_n.17.ksp
9.89 0.10 10.01 seconds
Unable
Inferences: -1

Processing file lwb/k_d4_n.18.ksp
9.82 0.17 10.01 seconds
Unable
Inferences: -1

Processing file lwb/k_d4_n.19.ksp
9.80 0.19 10.01 seconds
Unable
Inferences: -1

Processing file lwb/k_d4_n.20.ksp
9.82 0.16 10.01 seconds
Unable
Inferences: -1

Processing file lwb/k_d4_n.21.ksp
9.83 0.16 10.01 seconds
Unable
Inferences: -1

