Processing file lwb/k_grz_n.01.ksp
0.01 0.00 0.04 seconds
Satisfiable.
Inferences: 2768

Processing file lwb/k_grz_n.02.ksp
0.01 0.00 0.01 seconds
Satisfiable.
Inferences: 2347

Processing file lwb/k_grz_n.03.ksp
0.04 0.00 0.04 seconds
Satisfiable.
Inferences: 3818

Processing file lwb/k_grz_n.04.ksp
0.11 0.00 0.12 seconds
Satisfiable.
Inferences: 6849

Processing file lwb/k_grz_n.05.ksp
0.12 0.00 0.13 seconds
Satisfiable.
Inferences: 6849

Processing file lwb/k_grz_n.06.ksp
0.13 0.00 0.13 seconds
Satisfiable.
Inferences: 6849

Processing file lwb/k_grz_n.07.ksp
0.11 0.00 0.12 seconds
Satisfiable.
Inferences: 6849

Processing file lwb/k_grz_n.08.ksp
0.12 0.00 0.12 seconds
Satisfiable.
Inferences: 6849

Processing file lwb/k_grz_n.09.ksp
0.11 0.00 0.11 seconds
Satisfiable.
Inferences: 6849

Processing file lwb/k_grz_n.10.ksp
0.38 0.01 0.40 seconds
Satisfiable.
Inferences: 14097

Processing file lwb/k_grz_n.11.ksp
0.39 0.00 0.39 seconds
Satisfiable.
Inferences: 14097

Processing file lwb/k_grz_n.12.ksp
0.40 0.00 0.40 seconds
Satisfiable.
Inferences: 14097

Processing file lwb/k_grz_n.13.ksp
0.40 0.00 0.49 seconds
Satisfiable.
Inferences: 14097

Processing file lwb/k_grz_n.14.ksp
6.86 0.05 6.93 seconds
Satisfiable.
Inferences: 90028

Processing file lwb/k_grz_n.15.ksp
7.55 0.09 7.66 seconds
Satisfiable.
Inferences: 90028

Processing file lwb/k_grz_n.16.ksp
7.01 0.05 7.09 seconds
Satisfiable.
Inferences: 90028

Processing file lwb/k_grz_n.17.ksp
6.35 0.05 6.42 seconds
Satisfiable.
Inferences: 90028

Processing file lwb/k_grz_n.18.ksp
9.89 0.08 10.01 seconds
Unable
Inferences: -1

Processing file lwb/k_grz_n.19.ksp
9.87 0.11 10.00 seconds
Unable
Inferences: -1

Processing file lwb/k_grz_n.20.ksp
9.81 0.14 10.00 seconds
Unable
Inferences: -1

Processing file lwb/k_grz_n.21.ksp
9.89 0.08 10.00 seconds
Unable
Inferences: -1

