Processing file lwb/k_ph_n.01.ksp
0.00 0.00 0.01 seconds
Satisfiable.
Inferences: 0

Processing file lwb/k_ph_n.02.ksp
0.00 0.00 0.00 seconds
Satisfiable.
Inferences: 80

Processing file lwb/k_ph_n.03.ksp
9.88 0.11 10.00 seconds
Unable
Inferences: -1

Processing file lwb/k_ph_n.04.ksp
9.91 0.06 10.00 seconds
Unable
Inferences: -1

Processing file lwb/k_ph_n.05.ksp
9.90 0.08 10.00 seconds
Unable
Inferences: -1

Processing file lwb/k_ph_n.06.ksp
9.91 0.08 10.00 seconds
Unable
Inferences: -1

Processing file lwb/k_ph_n.07.ksp
9.94 0.04 10.00 seconds
Unable
Inferences: -1

Processing file lwb/k_ph_n.08.ksp
9.90 0.07 10.00 seconds
Unable
Inferences: -1

Processing file lwb/k_ph_n.09.ksp
9.90 0.07 10.00 seconds
Unable
Inferences: -1

Processing file lwb/k_ph_n.10.ksp
9.90 0.09 10.01 seconds
Unable
Inferences: -1

Processing file lwb/k_ph_n.11.ksp
9.86 0.13 10.01 seconds
Unable
Inferences: -1

Processing file lwb/k_ph_n.12.ksp
9.87 0.13 10.01 seconds
Unable
Inferences: -1

Processing file lwb/k_ph_n.13.ksp
9.87 0.11 10.01 seconds
Unable
Inferences: -1

Processing file lwb/k_ph_n.14.ksp
9.86 0.12 10.00 seconds
Unable
Inferences: -1

Processing file lwb/k_ph_n.15.ksp
9.90 0.04 10.00 seconds
Unable
Inferences: -1

Processing file lwb/k_ph_n.16.ksp
9.93 0.06 10.00 seconds
Unable
Inferences: -1

Processing file lwb/k_ph_n.17.ksp
9.95 0.04 10.00 seconds
Unable
Inferences: -1

Processing file lwb/k_ph_n.18.ksp
9.92 0.05 10.00 seconds
Unable
Inferences: -1

Processing file lwb/k_ph_n.19.ksp
9.99 0.00 10.00 seconds
Unable
Inferences: -1

Processing file lwb/k_ph_n.20.ksp
9.98 0.01 10.00 seconds
Unable
Inferences: -1

Processing file lwb/k_ph_n.21.ksp
9.99 0.00 10.00 seconds
Unable
Inferences: -1

