Processing file lwb/k_ph_p.01.ksp
0.00 0.00 0.02 seconds
Unsatisfiable.
Inferences: 1

Processing file lwb/k_ph_p.02.ksp
0.00 0.00 0.00 seconds
Unsatisfiable.
Inferences: 940

Processing file lwb/k_ph_p.03.ksp
9.85 0.15 10.00 seconds
Unable
Inferences: -1

Processing file lwb/k_ph_p.04.ksp
9.86 0.13 10.00 seconds
Unable
Inferences: -1

Processing file lwb/k_ph_p.05.ksp
9.91 0.06 10.00 seconds
Unable
Inferences: -1

Processing file lwb/k_ph_p.06.ksp
9.93 0.06 10.00 seconds
Unable
Inferences: -1

Processing file lwb/k_ph_p.07.ksp
9.91 0.06 10.00 seconds
Unable
Inferences: -1

Processing file lwb/k_ph_p.08.ksp
9.89 0.07 10.00 seconds
Unable
Inferences: -1

Processing file lwb/k_ph_p.09.ksp
9.86 0.11 10.01 seconds
Unable
Inferences: -1

Processing file lwb/k_ph_p.10.ksp
9.82 0.11 10.01 seconds
Unable
Inferences: -1

Processing file lwb/k_ph_p.11.ksp
9.91 0.08 10.01 seconds
Unable
Inferences: -1

Processing file lwb/k_ph_p.12.ksp
9.83 0.16 10.02 seconds
Unable
Inferences: -1

Processing file lwb/k_ph_p.13.ksp
9.89 0.10 10.01 seconds
Unable
Inferences: -1

Processing file lwb/k_ph_p.14.ksp
9.85 0.11 10.00 seconds
Unable
Inferences: -1

Processing file lwb/k_ph_p.15.ksp
9.93 0.04 10.00 seconds
Unable
Inferences: -1

Processing file lwb/k_ph_p.16.ksp
9.91 0.05 10.00 seconds
Unable
Inferences: -1

Processing file lwb/k_ph_p.17.ksp
9.94 0.06 10.00 seconds
Unable
Inferences: -1

Processing file lwb/k_ph_p.18.ksp
9.88 0.04 10.00 seconds
Unable
Inferences: -1

Processing file lwb/k_ph_p.19.ksp
9.88 0.01 10.00 seconds
Unable
Inferences: -1

Processing file lwb/k_ph_p.20.ksp
9.98 0.00 10.00 seconds
Unable
Inferences: -1

Processing file lwb/k_ph_p.21.ksp
9.99 0.00 10.00 seconds
Unable
Inferences: -1

