Processing file lwb/k_poly_n.01.ksp
0.00 0.00 0.03 seconds
Satisfiable.
Inferences: 144

Processing file lwb/k_poly_n.02.ksp
0.00 0.00 0.05 seconds
Satisfiable.
Inferences: 600

Processing file lwb/k_poly_n.03.ksp
0.05 0.00 0.05 seconds
Satisfiable.
Inferences: 3240

Processing file lwb/k_poly_n.04.ksp
0.12 0.00 0.14 seconds
Satisfiable.
Inferences: 5808

Processing file lwb/k_poly_n.05.ksp
0.61 0.00 0.62 seconds
Satisfiable.
Inferences: 14400

Processing file lwb/k_poly_n.06.ksp
1.10 0.01 1.12 seconds
Satisfiable.
Inferences: 20808

Processing file lwb/k_poly_n.07.ksp
3.25 0.03 3.35 seconds
Satisfiable.
Inferences: 38808

Processing file lwb/k_poly_n.08.ksp
5.13 0.04 5.20 seconds
Satisfiable.
Inferences: 50784

Processing file lwb/k_poly_n.09.ksp
9.86 0.12 10.01 seconds
Unable
Inferences: -1

Processing file lwb/k_poly_n.10.ksp
9.81 0.18 10.01 seconds
Unable
Inferences: -1

Processing file lwb/k_poly_n.11.ksp
9.88 0.10 10.01 seconds
Unable
Inferences: -1

Processing file lwb/k_poly_n.12.ksp
9.85 0.14 10.01 seconds
Unable
Inferences: -1

Processing file lwb/k_poly_n.13.ksp
9.82 0.15 10.01 seconds
Unable
Inferences: -1

Processing file lwb/k_poly_n.14.ksp
9.89 0.09 10.01 seconds
Unable
Inferences: -1

Processing file lwb/k_poly_n.15.ksp
9.87 0.12 10.01 seconds
Unable
Inferences: -1

Processing file lwb/k_poly_n.16.ksp
9.86 0.13 10.01 seconds
Unable
Inferences: -1

Processing file lwb/k_poly_n.17.ksp
9.82 0.12 10.01 seconds
Unable
Inferences: -1

Processing file lwb/k_poly_n.18.ksp
9.80 0.16 10.01 seconds
Unable
Inferences: -1

Processing file lwb/k_poly_n.19.ksp
9.86 0.12 10.01 seconds
Unable
Inferences: -1

Processing file lwb/k_poly_n.20.ksp
9.90 0.08 10.01 seconds
Unable
Inferences: -1

Processing file lwb/k_poly_n.21.ksp
9.86 0.13 10.01 seconds
Unable
Inferences: -1

