Processing file lwb/k_d4_n.01.ksp
0.00 0.00 0.00 seconds
Satisfiable.
Inferences: 2

Processing file lwb/k_d4_n.02.ksp
0.00 0.00 0.00 seconds
Satisfiable.
Inferences: 772

Processing file lwb/k_d4_n.03.ksp
0.06 0.00 0.07 seconds
Satisfiable.
Inferences: 4596

Processing file lwb/k_d4_n.04.ksp
0.22 0.00 0.22 seconds
Satisfiable.
Inferences: 11166

Processing file lwb/k_d4_n.05.ksp
0.56 0.01 0.57 seconds
Satisfiable.
Inferences: 21098

Processing file lwb/k_d4_n.06.ksp
1.20 0.01 1.21 seconds
Satisfiable.
Inferences: 35254

Processing file lwb/k_d4_n.07.ksp
3.51 0.03 3.55 seconds
Satisfiable.
Inferences: 59350

Processing file lwb/k_d4_n.08.ksp
9.95 0.05 10.00 seconds
Unable
Inferences: -1

Processing file lwb/k_d4_n.09.ksp
9.91 0.09 10.00 seconds
Unable
Inferences: -1

Processing file lwb/k_d4_n.10.ksp
9.90 0.09 10.01 seconds
Unable
Inferences: -1

Processing file lwb/k_d4_n.11.ksp
9.92 0.08 10.01 seconds
Unable
Inferences: -1

Processing file lwb/k_d4_n.12.ksp
9.89 0.12 10.01 seconds
Unable
Inferences: -1

Processing file lwb/k_d4_n.13.ksp
9.90 0.10 10.01 seconds
Unable
Inferences: -1

Processing file lwb/k_d4_n.14.ksp
9.86 0.14 10.01 seconds
Unable
Inferences: -1

Processing file lwb/k_d4_n.15.ksp
9.84 0.16 10.01 seconds
Unable
Inferences: -1

Processing file lwb/k_d4_n.16.ksp
9.90 0.10 10.01 seconds
Unable
Inferences: -1

Processing file lwb/k_d4_n.17.ksp
9.87 0.13 10.01 seconds
Unable
Inferences: -1

Processing file lwb/k_d4_n.18.ksp
9.88 0.13 10.01 seconds
Unable
Inferences: -1

Processing file lwb/k_d4_n.19.ksp
9.86 0.14 10.01 seconds
Unable
Inferences: -1

Processing file lwb/k_d4_n.20.ksp
9.80 0.20 10.01 seconds
Unable
Inferences: -1

Processing file lwb/k_d4_n.21.ksp
9.89 0.12 10.01 seconds
Unable
Inferences: -1

