Processing file lwb/k_poly_p.01.ksp
0.00 0.00 0.00 seconds
Unsatisfiable.
Inferences: 35

Processing file lwb/k_poly_p.02.ksp
0.00 0.00 0.00 seconds
Unsatisfiable.
Inferences: 783

Processing file lwb/k_poly_p.03.ksp
0.01 0.00 0.02 seconds
Unsatisfiable.
Inferences: 1877

Processing file lwb/k_poly_p.04.ksp
0.14 0.00 0.14 seconds
Unsatisfiable.
Inferences: 6511

Processing file lwb/k_poly_p.05.ksp
0.31 0.00 0.32 seconds
Unsatisfiable.
Inferences: 10397

Processing file lwb/k_poly_p.06.ksp
1.11 0.01 1.12 seconds
Unsatisfiable.
Inferences: 22297

Processing file lwb/k_poly_p.07.ksp
1.89 0.01 1.91 seconds
Unsatisfiable.
Inferences: 30695

Processing file lwb/k_poly_p.08.ksp
5.17 0.04 5.22 seconds
Unsatisfiable.
Inferences: 53347

Processing file lwb/k_poly_p.09.ksp
7.64 0.06 7.71 seconds
Unsatisfiable.
Inferences: 67985

Processing file lwb/k_poly_p.10.ksp
9.92 0.08 10.00 seconds
Unable
Inferences: -1

Processing file lwb/k_poly_p.11.ksp
9.94 0.06 10.00 seconds
Unable
Inferences: -1

Processing file lwb/k_poly_p.12.ksp
9.95 0.05 10.00 seconds
Unable
Inferences: -1

Processing file lwb/k_poly_p.13.ksp
9.96 0.04 10.00 seconds
Unable
Inferences: -1

Processing file lwb/k_poly_p.14.ksp
9.96 0.03 10.00 seconds
Unable
Inferences: -1

Processing file lwb/k_poly_p.15.ksp
9.98 0.02 10.00 seconds
Unable
Inferences: -1

Processing file lwb/k_poly_p.16.ksp
9.94 0.05 10.00 seconds
Unable
Inferences: -1

Processing file lwb/k_poly_p.17.ksp
9.96 0.04 10.00 seconds
Unable
Inferences: -1

Processing file lwb/k_poly_p.18.ksp
9.97 0.03 10.00 seconds
Unable
Inferences: -1

Processing file lwb/k_poly_p.19.ksp
9.95 0.05 10.00 seconds
Unable
Inferences: -1

Processing file lwb/k_poly_p.20.ksp
9.94 0.05 10.00 seconds
Unable
Inferences: -1

Processing file lwb/k_poly_p.21.ksp
9.95 0.04 10.00 seconds
Unable
Inferences: -1

