Processing file lwb/k_d4_n.01.ksp
0.00 0.00 0.00 seconds
Satisfiable.
Inferences: 2

Processing file lwb/k_d4_n.02.ksp
0.00 0.00 0.00 seconds
Satisfiable.
Inferences: 804

Processing file lwb/k_d4_n.03.ksp
0.09 0.00 0.09 seconds
Satisfiable.
Inferences: 6209

Processing file lwb/k_d4_n.04.ksp
0.69 0.00 0.70 seconds
Satisfiable.
Inferences: 29553

Processing file lwb/k_d4_n.05.ksp
2.29 0.01 2.31 seconds
Satisfiable.
Inferences: 69778

Processing file lwb/k_d4_n.06.ksp
7.41 0.09 7.50 seconds
Satisfiable.
Inferences: 145893

Processing file lwb/k_d4_n.07.ksp
9.87 0.13 10.01 seconds
Unable
Inferences: -1

Processing file lwb/k_d4_n.08.ksp
9.87 0.13 10.01 seconds
Unable
Inferences: -1

Processing file lwb/k_d4_n.09.ksp
9.85 0.16 10.01 seconds
Unable
Inferences: -1

Processing file lwb/k_d4_n.10.ksp
9.81 0.20 10.01 seconds
Unable
Inferences: -1

Processing file lwb/k_d4_n.11.ksp
9.84 0.17 10.01 seconds
Unable
Inferences: -1

Processing file lwb/k_d4_n.12.ksp
9.81 0.19 10.01 seconds
Unable
Inferences: -1

Processing file lwb/k_d4_n.13.ksp
9.80 0.19 10.01 seconds
Unable
Inferences: -1

Processing file lwb/k_d4_n.14.ksp
9.84 0.17 10.01 seconds
Unable
Inferences: -1

Processing file lwb/k_d4_n.15.ksp
9.85 0.15 10.01 seconds
Unable
Inferences: -1

Processing file lwb/k_d4_n.16.ksp
9.84 0.15 10.01 seconds
Unable
Inferences: -1

Processing file lwb/k_d4_n.17.ksp
9.90 0.11 10.01 seconds
Unable
Inferences: -1

Processing file lwb/k_d4_n.18.ksp
9.82 0.16 10.01 seconds
Unable
Inferences: -1

Processing file lwb/k_d4_n.19.ksp
9.84 0.16 10.01 seconds
Unable
Inferences: -1

Processing file lwb/k_d4_n.20.ksp
9.88 0.12 10.01 seconds
Unable
Inferences: -1

Processing file lwb/k_d4_n.21.ksp
9.86 0.14 10.01 seconds
Unable
Inferences: -1

