Processing file ../../lwb/k_branch_p.01.ksp
0.00 0.00 0.00 seconds
Unsatisfiable.
Inferences: 2

Processing file ../../lwb/k_branch_p.02.ksp
58.99 1.07 60.07 seconds
Unable
Inferences: -1

Processing file ../../lwb/k_branch_p.03.ksp
59.49 0.53 60.04 seconds
Unable
Inferences: -1

Processing file ../../lwb/k_branch_p.04.ksp
59.77 0.24 60.02 seconds
Unable
Inferences: -1

Processing file ../../lwb/k_branch_p.05.ksp
59.78 0.21 60.01 seconds
Unable
Inferences: -1

Processing file ../../lwb/k_branch_p.06.ksp
59.85 0.15 60.01 seconds
Unable
Inferences: -1

Processing file ../../lwb/k_branch_p.07.ksp
59.83 0.15 60.01 seconds
Unable
Inferences: -1

Processing file ../../lwb/k_branch_p.08.ksp
59.89 0.10 60.01 seconds
Unable
Inferences: -1

Processing file ../../lwb/k_branch_p.09.ksp
59.84 0.14 60.01 seconds
Unable
Inferences: -1

Processing file ../../lwb/k_branch_p.10.ksp
59.84 0.14 60.01 seconds
Unable
Inferences: -1

Processing file ../../lwb/k_branch_p.11.ksp
59.83 0.16 60.01 seconds
Unable
Inferences: -1

Processing file ../../lwb/k_branch_p.12.ksp
59.87 0.11 60.01 seconds
Unable
Inferences: -1

Processing file ../../lwb/k_branch_p.13.ksp
59.86 0.13 60.01 seconds
Unable
Inferences: -1

Processing file ../../lwb/k_branch_p.14.ksp
59.83 0.17 60.01 seconds
Unable
Inferences: -1

Processing file ../../lwb/k_branch_p.15.ksp
59.81 0.17 60.01 seconds
Unable
Inferences: -1

Processing file ../../lwb/k_branch_p.16.ksp
59.82 0.16 60.01 seconds
Unable
Inferences: -1

Processing file ../../lwb/k_branch_p.17.ksp
59.90 0.09 60.02 seconds
Unable
Inferences: -1

Processing file ../../lwb/k_branch_p.18.ksp
59.87 0.10 60.01 seconds
Unable
Inferences: -1

Processing file ../../lwb/k_branch_p.19.ksp
59.85 0.15 60.01 seconds
Unable
Inferences: -1

Processing file ../../lwb/k_branch_p.20.ksp
59.77 0.21 60.01 seconds
Unable
Inferences: -1

Processing file ../../lwb/k_branch_p.21.ksp
59.78 0.22 60.01 seconds
Unable
Inferences: -1

