Processing file ../../lwb/k_branch_n.01.ksp
0.01 0.00 0.03 seconds
Satisfiable.
Inferences: 1158

Processing file ../../lwb/k_branch_n.02.ksp
59.10 1.01 60.13 seconds
Unable
Inferences: -1

Processing file ../../lwb/k_branch_n.03.ksp
59.44 0.58 60.04 seconds
Unable
Inferences: -1

Processing file ../../lwb/k_branch_n.04.ksp
59.66 0.34 60.03 seconds
Unable
Inferences: -1

Processing file ../../lwb/k_branch_n.05.ksp
59.81 0.19 60.01 seconds
Unable
Inferences: -1

Processing file ../../lwb/k_branch_n.06.ksp
59.80 0.18 60.01 seconds
Unable
Inferences: -1

Processing file ../../lwb/k_branch_n.07.ksp
59.86 0.13 60.01 seconds
Unable
Inferences: -1

Processing file ../../lwb/k_branch_n.08.ksp
59.89 0.11 60.01 seconds
Unable
Inferences: -1

Processing file ../../lwb/k_branch_n.09.ksp
59.88 0.11 60.01 seconds
Unable
Inferences: -1

Processing file ../../lwb/k_branch_n.10.ksp
59.89 0.11 60.01 seconds
Unable
Inferences: -1

Processing file ../../lwb/k_branch_n.11.ksp
59.90 0.10 60.01 seconds
Unable
Inferences: -1

Processing file ../../lwb/k_branch_n.12.ksp
59.84 0.16 60.01 seconds
Unable
Inferences: -1

Processing file ../../lwb/k_branch_n.13.ksp
59.88 0.12 60.01 seconds
Unable
Inferences: -1

Processing file ../../lwb/k_branch_n.14.ksp
59.86 0.14 60.01 seconds
Unable
Inferences: -1

Processing file ../../lwb/k_branch_n.15.ksp
59.87 0.12 60.01 seconds
Unable
Inferences: -1

Processing file ../../lwb/k_branch_n.16.ksp
59.87 0.13 60.01 seconds
Unable
Inferences: -1

Processing file ../../lwb/k_branch_n.17.ksp
59.84 0.15 60.01 seconds
Unable
Inferences: -1

Processing file ../../lwb/k_branch_n.18.ksp
59.82 0.18 60.01 seconds
Unable
Inferences: -1

Processing file ../../lwb/k_branch_n.19.ksp
59.85 0.15 60.01 seconds
Unable
Inferences: -1

Processing file ../../lwb/k_branch_n.20.ksp
59.84 0.16 60.01 seconds
Unable
Inferences: -1

Processing file ../../lwb/k_branch_n.21.ksp
59.83 0.18 60.01 seconds
Unable
Inferences: -1

