Processing file ../../lwb/k_grz_n.01.ksp
0.01 0.00 0.02 seconds
Satisfiable.
Inferences: 793

Processing file ../../lwb/k_grz_n.02.ksp
0.02 0.00 0.03 seconds
Satisfiable.
Inferences: 1165

Processing file ../../lwb/k_grz_n.03.ksp
0.12 0.00 0.13 seconds
Satisfiable.
Inferences: 3831

Processing file ../../lwb/k_grz_n.04.ksp
0.30 0.01 0.31 seconds
Satisfiable.
Inferences: 7102

Processing file ../../lwb/k_grz_n.05.ksp
0.32 0.00 0.32 seconds
Satisfiable.
Inferences: 7102

Processing file ../../lwb/k_grz_n.06.ksp
0.31 0.00 0.32 seconds
Satisfiable.
Inferences: 7102

Processing file ../../lwb/k_grz_n.07.ksp
0.31 0.00 0.31 seconds
Satisfiable.
Inferences: 7102

Processing file ../../lwb/k_grz_n.08.ksp
0.31 0.00 0.31 seconds
Satisfiable.
Inferences: 7102

Processing file ../../lwb/k_grz_n.09.ksp
0.30 0.00 0.31 seconds
Satisfiable.
Inferences: 7102

Processing file ../../lwb/k_grz_n.10.ksp
0.90 0.02 0.94 seconds
Satisfiable.
Inferences: 15288

Processing file ../../lwb/k_grz_n.11.ksp
0.91 0.02 0.94 seconds
Satisfiable.
Inferences: 15288

Processing file ../../lwb/k_grz_n.12.ksp
0.91 0.01 0.94 seconds
Satisfiable.
Inferences: 15288

Processing file ../../lwb/k_grz_n.13.ksp
0.91 0.01 0.94 seconds
Satisfiable.
Inferences: 15288

Processing file ../../lwb/k_grz_n.14.ksp
33.95 0.28 34.24 seconds
Satisfiable.
Inferences: 252460

Processing file ../../lwb/k_grz_n.15.ksp
40.79 0.30 41.11 seconds
Satisfiable.
Inferences: 252460

Processing file ../../lwb/k_grz_n.16.ksp
39.31 0.26 39.60 seconds
Satisfiable.
Inferences: 252460

Processing file ../../lwb/k_grz_n.17.ksp
37.88 0.22 38.11 seconds
Satisfiable.
Inferences: 252460

Processing file ../../lwb/k_grz_n.18.ksp
59.54 0.47 60.04 seconds
Unable
Inferences: -1

Processing file ../../lwb/k_grz_n.19.ksp
59.54 0.48 60.04 seconds
Unable
Inferences: -1

Processing file ../../lwb/k_grz_n.20.ksp
59.52 0.48 60.03 seconds
Unable
Inferences: -1

Processing file ../../lwb/k_grz_n.21.ksp
59.54 0.48 60.04 seconds
Unable
Inferences: -1

