Processing file ../../lwb/k_ph_n.01.ksp
0.00 0.00 0.00 seconds
Satisfiable.
Inferences: 0

Processing file ../../lwb/k_ph_n.02.ksp
0.00 0.00 0.00 seconds
Satisfiable.
Inferences: 88

Processing file ../../lwb/k_ph_n.03.ksp
58.64 1.44 60.11 seconds
Unable
Inferences: -1

Processing file ../../lwb/k_ph_n.04.ksp
58.64 1.45 60.10 seconds
Unable
Inferences: -1

Processing file ../../lwb/k_ph_n.05.ksp
59.07 0.99 60.08 seconds
Unable
Inferences: -1

Processing file ../../lwb/k_ph_n.06.ksp
59.07 0.98 60.07 seconds
Unable
Inferences: -1

Processing file ../../lwb/k_ph_n.07.ksp
59.33 0.71 60.05 seconds
Unable
Inferences: -1

Processing file ../../lwb/k_ph_n.08.ksp
59.84 0.15 60.01 seconds
Unable
Inferences: -1

Processing file ../../lwb/k_ph_n.09.ksp
59.90 0.09 60.00 seconds
Unable
Inferences: -1

Processing file ../../lwb/k_ph_n.10.ksp
59.95 0.04 60.00 seconds
Unable
Inferences: -1

Processing file ../../lwb/k_ph_n.11.ksp
59.92 0.07 60.00 seconds
Unable
Inferences: -1

Processing file ../../lwb/k_ph_n.12.ksp
59.93 0.06 60.00 seconds
Unable
Inferences: -1

Processing file ../../lwb/k_ph_n.13.ksp
59.93 0.05 60.00 seconds
Unable
Inferences: -1

Processing file ../../lwb/k_ph_n.14.ksp
59.94 0.05 60.00 seconds
Unable
Inferences: -1

Processing file ../../lwb/k_ph_n.15.ksp
59.93 0.05 60.00 seconds
Unable
Inferences: -1

Processing file ../../lwb/k_ph_n.16.ksp
59.95 0.04 60.00 seconds
Unable
Inferences: -1

Processing file ../../lwb/k_ph_n.17.ksp
59.93 0.06 60.00 seconds
Unable
Inferences: -1

Processing file ../../lwb/k_ph_n.18.ksp
59.96 0.03 60.00 seconds
Unable
Inferences: -1

Processing file ../../lwb/k_ph_n.19.ksp
59.97 0.02 60.00 seconds
Unable
Inferences: -1

Processing file ../../lwb/k_ph_n.20.ksp
59.97 0.01 60.00 seconds
Unable
Inferences: -1

Processing file ../../lwb/k_ph_n.21.ksp
59.96 0.03 60.00 seconds
Unable
Inferences: -1

