Processing file ../../lwb/k_branch_p.01.ksp
0.00 0.00 0.00 seconds
Unsatisfiable.
Inferences: 7

Processing file ../../lwb/k_branch_p.02.ksp
59.78 0.21 60.01 seconds
Unable
Inferences: -1

Processing file ../../lwb/k_branch_p.03.ksp
59.82 0.17 60.01 seconds
Unable
Inferences: -1

Processing file ../../lwb/k_branch_p.04.ksp
59.76 0.24 60.01 seconds
Unable
Inferences: -1

Processing file ../../lwb/k_branch_p.05.ksp
59.69 0.31 60.02 seconds
Unable
Inferences: -1

Processing file ../../lwb/k_branch_p.06.ksp
59.69 0.32 60.02 seconds
Unable
Inferences: -1

Processing file ../../lwb/k_branch_p.07.ksp
59.67 0.35 60.03 seconds
Unable
Inferences: -1

Processing file ../../lwb/k_branch_p.08.ksp
59.70 0.31 60.02 seconds
Unable
Inferences: -1

Processing file ../../lwb/k_branch_p.09.ksp
59.64 0.35 60.03 seconds
Unable
Inferences: -1

Processing file ../../lwb/k_branch_p.10.ksp
59.63 0.39 60.03 seconds
Unable
Inferences: -1

Processing file ../../lwb/k_branch_p.11.ksp
59.63 0.38 60.03 seconds
Unable
Inferences: -1

Processing file ../../lwb/k_branch_p.12.ksp
59.61 0.41 60.03 seconds
Unable
Inferences: -1

Processing file ../../lwb/k_branch_p.13.ksp
59.62 0.40 60.03 seconds
Unable
Inferences: -1

Processing file ../../lwb/k_branch_p.14.ksp
59.57 0.44 60.03 seconds
Unable
Inferences: -1

Processing file ../../lwb/k_branch_p.15.ksp
59.63 0.38 60.03 seconds
Unable
Inferences: -1

Processing file ../../lwb/k_branch_p.16.ksp
59.59 0.41 60.03 seconds
Unable
Inferences: -1

Processing file ../../lwb/k_branch_p.17.ksp
59.67 0.34 60.03 seconds
Unable
Inferences: -1

Processing file ../../lwb/k_branch_p.18.ksp
59.64 0.37 60.03 seconds
Unable
Inferences: -1

Processing file ../../lwb/k_branch_p.19.ksp
59.70 0.30 60.02 seconds
Unable
Inferences: -1

Processing file ../../lwb/k_branch_p.20.ksp
59.77 0.23 60.02 seconds
Unable
Inferences: -1

Processing file ../../lwb/k_branch_p.21.ksp
59.70 0.30 60.02 seconds
Unable
Inferences: -1

