Processing file ../../lwb/k_branch_n.01.ksp
0.00 0.00 0.02 seconds
Satisfiable.
Inferences: 663

Processing file ../../lwb/k_branch_n.02.ksp
59.76 0.24 60.01 seconds
Unable
Inferences: -1

Processing file ../../lwb/k_branch_n.03.ksp
59.84 0.16 60.01 seconds
Unable
Inferences: -1

Processing file ../../lwb/k_branch_n.04.ksp
59.71 0.29 60.00 seconds
Unable
Inferences: -1

Processing file ../../lwb/k_branch_n.05.ksp
59.80 0.21 60.02 seconds
Unable
Inferences: -1

Processing file ../../lwb/k_branch_n.06.ksp
59.69 0.32 60.02 seconds
Unable
Inferences: -1

Processing file ../../lwb/k_branch_n.07.ksp
59.56 0.45 60.02 seconds
Unable
Inferences: -1

Processing file ../../lwb/k_branch_n.08.ksp
59.76 0.24 60.02 seconds
Unable
Inferences: -1

Processing file ../../lwb/k_branch_n.09.ksp
59.63 0.39 60.03 seconds
Unable
Inferences: -1

Processing file ../../lwb/k_branch_n.10.ksp
59.67 0.34 60.03 seconds
Unable
Inferences: -1

Processing file ../../lwb/k_branch_n.11.ksp
59.61 0.41 60.03 seconds
Unable
Inferences: -1

Processing file ../../lwb/k_branch_n.12.ksp
59.54 0.48 60.03 seconds
Unable
Inferences: -1

Processing file ../../lwb/k_branch_n.13.ksp
59.57 0.45 60.03 seconds
Unable
Inferences: -1

Processing file ../../lwb/k_branch_n.14.ksp
59.60 0.41 60.03 seconds
Unable
Inferences: -1

Processing file ../../lwb/k_branch_n.15.ksp
59.71 0.31 60.03 seconds
Unable
Inferences: -1

Processing file ../../lwb/k_branch_n.16.ksp
59.61 0.41 60.03 seconds
Unable
Inferences: -1

Processing file ../../lwb/k_branch_n.17.ksp
59.65 0.37 60.03 seconds
Unable
Inferences: -1

Processing file ../../lwb/k_branch_n.18.ksp
59.65 0.37 60.03 seconds
Unable
Inferences: -1

Processing file ../../lwb/k_branch_n.19.ksp
59.69 0.32 60.02 seconds
Unable
Inferences: -1

Processing file ../../lwb/k_branch_n.20.ksp
59.69 0.32 60.02 seconds
Unable
Inferences: -1

Processing file ../../lwb/k_branch_n.21.ksp
59.74 0.27 60.02 seconds
Unable
Inferences: -1

