Processing file ../../lwb/k_ph_p.01.ksp
0.00 0.00 0.00 seconds
Unsatisfiable.
Inferences: 1

Processing file ../../lwb/k_ph_p.02.ksp
0.01 0.00 0.01 seconds
Unsatisfiable.
Inferences: 860

Processing file ../../lwb/k_ph_p.03.ksp
59.66 0.34 60.02 seconds
Unable
Inferences: -1

Processing file ../../lwb/k_ph_p.04.ksp
59.79 0.20 60.01 seconds
Unable
Inferences: -1

Processing file ../../lwb/k_ph_p.05.ksp
59.79 0.21 60.01 seconds
Unable
Inferences: -1

Processing file ../../lwb/k_ph_p.06.ksp
59.86 0.13 60.01 seconds
Unable
Inferences: -1

Processing file ../../lwb/k_ph_p.07.ksp
59.86 0.13 60.01 seconds
Unable
Inferences: -1

Processing file ../../lwb/k_ph_p.08.ksp
59.85 0.12 60.01 seconds
Unable
Inferences: -1

Processing file ../../lwb/k_ph_p.09.ksp
59.86 0.13 60.00 seconds
Unable
Inferences: -1

Processing file ../../lwb/k_ph_p.10.ksp
59.82 0.16 60.01 seconds
Unable
Inferences: -1

Processing file ../../lwb/k_ph_p.11.ksp
59.86 0.13 60.01 seconds
Unable
Inferences: -1

Processing file ../../lwb/k_ph_p.12.ksp
59.83 0.16 60.01 seconds
Unable
Inferences: -1

Processing file ../../lwb/k_ph_p.13.ksp
59.85 0.13 60.01 seconds
Unable
Inferences: -1

Processing file ../../lwb/k_ph_p.14.ksp
59.84 0.15 60.01 seconds
Unable
Inferences: -1

Processing file ../../lwb/k_ph_p.15.ksp
59.86 0.12 60.01 seconds
Unable
Inferences: -1

Processing file ../../lwb/k_ph_p.16.ksp
59.86 0.13 60.01 seconds
Unable
Inferences: -1

Processing file ../../lwb/k_ph_p.17.ksp
59.91 0.09 60.01 seconds
Unable
Inferences: -1

Processing file ../../lwb/k_ph_p.18.ksp
59.88 0.11 60.01 seconds
Unable
Inferences: -1

Processing file ../../lwb/k_ph_p.19.ksp
59.93 0.05 60.00 seconds
Unable
Inferences: -1

Processing file ../../lwb/k_ph_p.20.ksp
59.93 0.05 60.00 seconds
Unable
Inferences: -1

Processing file ../../lwb/k_ph_p.21.ksp
59.95 0.04 60.00 seconds
Unable
Inferences: -1

