Processing file ../../lwb/k_poly_p.01.ksp
0.00 0.00 0.00 seconds
Unsatisfiable.
Inferences: 79

Processing file ../../lwb/k_poly_p.02.ksp
0.03 0.00 0.04 seconds
Unsatisfiable.
Inferences: 1288

Processing file ../../lwb/k_poly_p.03.ksp
0.10 0.00 0.10 seconds
Unsatisfiable.
Inferences: 2970

Processing file ../../lwb/k_poly_p.04.ksp
0.57 0.01 0.58 seconds
Unsatisfiable.
Inferences: 9802

Processing file ../../lwb/k_poly_p.05.ksp
1.24 0.03 1.28 seconds
Unsatisfiable.
Inferences: 15480

Processing file ../../lwb/k_poly_p.06.ksp
4.52 0.07 4.60 seconds
Unsatisfiable.
Inferences: 32680

Processing file ../../lwb/k_poly_p.07.ksp
7.50 0.06 7.56 seconds
Unsatisfiable.
Inferences: 44730

Processing file ../../lwb/k_poly_p.08.ksp
21.25 0.11 21.37 seconds
Unsatisfiable.
Inferences: 77050

Processing file ../../lwb/k_poly_p.09.ksp
30.79 0.20 30.99 seconds
Unsatisfiable.
Inferences: 97848

Processing file ../../lwb/k_poly_p.10.ksp
39.62 0.21 39.84 seconds
Unsatisfiable.
Inferences: 150040

Processing file ../../lwb/k_poly_p.11.ksp
59.69 0.32 60.02 seconds
Unable
Inferences: -1

Processing file ../../lwb/k_poly_p.12.ksp
59.76 0.26 60.03 seconds
Unable
Inferences: -1

Processing file ../../lwb/k_poly_p.13.ksp
59.71 0.29 60.01 seconds
Unable
Inferences: -1

Processing file ../../lwb/k_poly_p.14.ksp
59.78 0.23 60.03 seconds
Unable
Inferences: -1

Processing file ../../lwb/k_poly_p.15.ksp
59.69 0.31 60.01 seconds
Unable
Inferences: -1

Processing file ../../lwb/k_poly_p.16.ksp
59.81 0.19 60.01 seconds
Unable
Inferences: -1

Processing file ../../lwb/k_poly_p.17.ksp
59.77 0.23 60.01 seconds
Unable
Inferences: -1

Processing file ../../lwb/k_poly_p.18.ksp
59.82 0.18 60.01 seconds
Unable
Inferences: -1

Processing file ../../lwb/k_poly_p.19.ksp
59.84 0.16 60.01 seconds
Unable
Inferences: -1

Processing file ../../lwb/k_poly_p.20.ksp
59.83 0.17 60.01 seconds
Unable
Inferences: -1

Processing file ../../lwb/k_poly_p.21.ksp
59.82 0.20 60.03 seconds
Unable
Inferences: -1

